575.5959907138558 -2304.8562164079817 -1729.260225694126
747.9227597783438 -2476.840266551682 -1728.9175067733381
764.8717055424139 -2493.863194481237 -1728.9914889388228
758.8249799251989 -2487.682181390739 -1728.8572014655401
738.0591619475523 -2466.945988897945 -1728.8868269503928
748.0651541347017 -2477.070517527144 -1729.0053633924424
711.1255639753637 -2440.0327848718057 -1728.9072208964421
741.3670039438491 -2470.2704750647536 -1728.9034711209044
721.3528307836733 -2450.199503752301 -1728.846672968628
725.4639307297073 -2454.320214748724 -1728.8562840190168
750.6204052278146 -2479.627602549857 -1729.0071973220424
715.4937344928577 -2444.4216699000153 -1728.9279354071577
741.442669809867 -2470.307628219948 -1728.8649584100813
746.4715799476115 -2475.376378739539 -1728.9047987919275
714.2467709547888 -2443.067375776526 -1728.8206048217376
733.5356724457005 -2462.442956984366 -1728.9072845386654
723.5148771934383 -2452.5242824294105 -1729.0094052359723
745.0843964809752 -2473.99819264052 -1728.9137961595447
716.0985674120271 -2445.031328712497 -1728.9327613004698
715.872870655108 -2444.711808433008 -1728.8389377779001
739.3059625104647 -2468.2277660994932 -1728.9218035890285
727.8438913317835 -2456.7081497797035 -1728.8642584479198
755.1398614385591 -2484.006904689537 -1728.8670432509778
717.129111559224 -2446.0755676948493 -1728.9464561356253
758.9516775222436 -2487.9150807027395 -1728.9634031804958
742.1493862650801 -2471.0607151407235 -1728.9113288756434
715.7445324384296 -2444.5591317917947 -1728.814599353365
726.9734661733117 -2455.9099189563954 -1728.9364527830835
728.4208521419531 -2457.2539252135502 -1728.833073071597
755.695340770256 -2484.5705376847604 -1728.8751969145044
735.4368108877037 -2464.354499433827 -1728.9176885461234
697.8861135882372 -2426.771998569015 -1728.885884980778
724.0633697340014 -2453.032500818102 -1728.9691310841008
735.1219821650743 -2464.0746033005735 -1728.9526211354992
725.1194372376563 -2453.833170931985 -1728.7137336943288
703.1083543307508 -2431.7732841336147 -1728.6649298028638
736.9186304278073 -2465.7566403850283 -1728.838009957221
714.8148897376058 -2443.654454249048 -1728.839564511442
731.4911672791659 -2460.281295648647 -1728.790128369481
743.2414403223628 -2472.100590153878 -1728.859149831515
743.3475139688402 -2472.3011402650495 -1728.9536262962092
