5741.537967462229 -446.0537296006758 5295.484237861553
5713.086218324168 -418.7668234311635 5294.319394893005
5696.1471553934125 -403.40045577922274 5292.74669961419
5709.233315552926 -416.3216685592887 5292.911646993637
5765.280626046785 -470.6290112528743 5294.651614793911
5767.092278036202 -472.0640526116707 5295.028225424531
5699.448785150307 -406.0184422535852 5293.430342896722
5733.9025396301095 -438.74654789944725 5295.155991730662
5701.812308587966 -408.08319154596427 5293.729117042002
5691.074527473633 -396.66309602453794 5294.411431449094
5796.6719605098815 -503.1380300357736 5293.533930474108
5773.4340806054215 -479.514726830516 5293.919353774905
5741.2971215018715 -446.94832854583683 5294.348792956034
5739.922920390787 -445.70187547714437 5294.221044913643
5726.134133611393 -431.4636318962203 5294.670501715173
5797.78454902986 -503.8938262275546 5293.890722802305
5756.4007670717965 -463.24321029357344 5293.157556778223
5793.288513622741 -499.2937703378064 5293.994743284935
5809.277580843459 -517.0011475211925 5292.276433322267
5744.8265647293765 -451.4137108422111 5293.4128538871655
5749.97419883769 -457.03184383902845 5292.942354998661
5741.2015353171455 -448.1029956588955 5293.09853965825
5704.65515823308 -409.85722466517973 5294.797933567901
5743.500979478437 -450.3027407128114 5293.198238765626
5692.518444204516 -399.0211259773495 5293.497318227166
5754.4759929453885 -461.9890448720734 5292.486948073315
5802.997694516192 -509.68330267569627 5293.314391840495
5743.987980909349 -451.91793709166836 5292.070043817681
5742.2217491641695 -449.1199925128782 5293.101756651291
5723.084804005698 -429.9051825551339 5293.179621450564
5692.488506026184 -397.6088951640352 5294.879610862149
5711.841514963852 -417.82722846584886 5294.0142864980035
5708.54959403532 -415.6976300274699 5292.85196400785
5736.476842423924 -442.98395019326273 5293.492892230661
5685.185082441318 -391.2798663593111 5293.9052160820065
5745.828412287919 -452.2500245515079 5293.578387736411
5713.272456031033 -420.7538354215838 5292.518620609449
5787.366448157766 -494.7349873230634 5292.631460834703
5797.426073011785 -504.67867832601985 5292.747394685765
5814.818412031075 -521.5843023090737 5293.234109722001
5820.811801509304 -527.8918094503831 5292.919992058921
