   0.00000    0.00000
   0.01000    0.00000
   0.02000    0.00000
   0.03000    0.00000
   0.04000    0.00000
   0.05000    0.00000
   0.06000    0.00000
   0.07000    0.00000
   0.08000    0.00000
   0.09000    0.00000
   0.10000    0.00000
   0.11000    0.00000
   0.12000    0.00000
   0.13000    0.00000
   0.14000    0.00000
   0.15000    0.00000
   0.16000    0.00000
   0.17000    0.00000
   0.18000    0.00000
   0.19000    0.00000
   0.20000    0.00000
   0.21000    0.00000
   0.22000    0.00000
   0.23000    0.00000
   0.24000    0.00000
   0.25000    0.00000
   0.26000    0.00000
   0.27000    0.00000
   0.28000    0.00000
   0.29000    0.00000
   0.30000    0.00000
   0.31000    0.00000
   0.32000    0.00000
   0.33000    0.00000
   0.34000    0.00000
   0.35000    0.00000
   0.36000    0.00000
   0.37000    0.00000
   0.38000    0.00000
   0.39000    0.00000
   0.40000    0.00000
   0.41000    0.00000
   0.42000    0.00000
   0.43000    0.00000
   0.44000    0.00000
   0.45000    0.00000
   0.46000    0.00000
   0.47000    0.00000
   0.48000    0.00000
   0.49000    0.00000
   0.50000    0.00000
   0.51000    0.00000
   0.52000    0.00000
   0.53000    0.00000
   0.54000    0.00000
   0.55000    0.00000
   0.56000    0.00000
   0.57000    0.00000
   0.58000    0.00000
   0.59000    0.00000
   0.60000    0.00000
   0.61000    0.00000
   0.62000    0.00000
   0.63000    0.00000
   0.64000    0.00000
   0.65000    0.00000
   0.66000    0.00000
   0.67000    0.00000
   0.68000    0.00000
   0.69000    0.00000
   0.70000    0.00000
   0.71000    0.00000
   0.72000    0.00000
   0.73000    0.00000
   0.74000    0.00000
   0.75000    0.00000
   0.76000    0.00000
   0.77000    0.00000
   0.78000    0.00000
   0.79000    0.00000
   0.80000    0.00000
   0.81000    0.00000
   0.82000    0.00000
   0.83000    0.00000
   0.84000    0.00000
   0.85000    0.00000
   0.86000    0.00000
   0.87000    0.00000
   0.88000    0.00000
   0.89000    0.07489
   0.90000    0.03640
   0.91000    0.24969
   0.92000    1.04711
   0.93000    2.22247
   0.94000    5.25373
   0.95000    9.01132
   0.96000   14.17962
   0.97000   22.22899
   0.98000   32.96106
   0.99000   39.88328
   1.00000   50.29836
   1.01000   58.98237
   1.02000   69.49116
   1.03000   75.32556
   1.04000   79.87520
   1.05000   85.53183
   1.06000   86.92645
   1.07000   86.12621
   1.08000   89.06804
   1.09000   88.36201
   1.10000   85.41818
   1.11000   81.72569
   1.12000   78.39525
   1.13000   77.09942
   1.14000   74.66336
   1.15000   69.74767
   1.16000   64.17212
   1.17000   61.04839
   1.18000   60.52856
   1.19000   54.78466
   1.20000   52.81367
   1.21000   50.41806
   1.22000   48.54853
   1.23000   44.49156
   1.24000   42.62063
   1.25000   40.90059
   1.26000   38.39141
   1.27000   36.90861
   1.28000   35.88052
   1.29000   33.58727
   1.30000   32.10976
   1.31000   30.79025
   1.32000   28.16864
   1.33000   29.53894
   1.34000   27.99538
   1.35000   26.33267
   1.36000   25.37194
   1.37000   24.24054
   1.38000   25.19909
   1.39000   22.91986
   1.40000   22.98257
   1.41000   22.06820
   1.42000   22.97922
   1.43000   22.49865
   1.44000   20.87209
   1.45000   22.04742
   1.46000   20.45373
   1.47000   21.27301
   1.48000   20.08252
   1.49000   20.16903
   1.50000   20.46674
   1.51000   20.49970
   1.52000   18.97056
   1.53000   18.82835
   1.54000   19.65516
   1.55000   20.21688
   1.56000   18.83926
   1.57000   19.33267
   1.58000   19.21770
   1.59000   19.86619
   1.60000   20.05991
   1.61000   19.10502
   1.62000   19.89450
   1.63000   20.17546
   1.64000   20.52041
   1.65000   22.03811
   1.66000   21.70595
   1.67000   22.17340
   1.68000   21.77136
   1.69000   22.34450
   1.70000   23.91483
   1.71000   23.59494
   1.72000   24.42156
   1.73000   24.29960
   1.74000   25.51695
   1.75000   25.74341
   1.76000   26.86110
   1.77000   27.83433
   1.78000   27.91431
   1.79000   28.11001
   1.80000   28.40207
   1.81000   28.43308
   1.82000   30.88289
   1.83000   30.51592
   1.84000   30.68691
   1.85000   31.34425
   1.86000   32.42582
   1.87000   33.20701
   1.88000   33.74821
   1.89000   34.25449
   1.90000   33.94608
   1.91000   34.14442
   1.92000   35.85865
   1.93000   36.48222
   1.94000   36.62369
   1.95000   37.05424
   1.96000   37.05574
   1.97000   37.49939
   1.98000   39.65313
   1.99000   38.30020
   2.00000   38.89385
   2.01000   38.67693
   2.02000   38.98256
   2.03000   39.23158
   2.04000   39.87448
   2.05000   39.59136
   2.06000   39.93103
   2.07000   39.66646
   2.08000   39.28869
   2.09000   39.35646
   2.10000   39.29224
   2.11000   38.56801
   2.12000   39.15187
   2.13000   38.18297
   2.14000   37.93399
   2.15000   37.79257
   2.16000   36.92956
   2.17000   36.39086
   2.18000   36.97256
   2.19000   35.76003
   2.20000   35.06369
   2.21000   35.79411
   2.22000   34.81646
   2.23000   34.73075
   2.24000   34.26866
   2.25000   33.80237
   2.26000   33.59667
   2.27000   32.63853
   2.28000   31.93929
   2.29000   31.17091
   2.30000   30.86463
   2.31000   30.19338
   2.32000   30.01696
   2.33000   30.62128
   2.34000   29.86754
   2.35000   28.96396
   2.36000   28.80035
   2.37000   29.10560
   2.38000   28.19640
   2.39000   28.30440
   2.40000   28.55189
   2.41000   28.21625
   2.42000   27.29901
   2.43000   27.12261
   2.44000   27.13696
   2.45000   26.48110
   2.46000   27.74849
   2.47000   26.20834
   2.48000   26.75392
   2.49000   27.04506
