   0.00000    0.00000
   0.01000    0.00000
   0.02000    0.00000
   0.03000    0.00000
   0.04000    0.00000
   0.05000    0.00000
   0.06000    0.00000
   0.07000    0.00000
   0.08000    0.00000
   0.09000    0.00000
   0.10000    0.00000
   0.11000    0.00000
   0.12000    0.00000
   0.13000    0.00000
   0.14000    0.00000
   0.15000    0.00000
   0.16000    0.00000
   0.17000    0.00000
   0.18000    0.00000
   0.19000    0.00000
   0.20000    0.00000
   0.21000    0.00000
   0.22000    0.00000
   0.23000    0.00000
   0.24000    0.00000
   0.25000    0.00000
   0.26000    0.00000
   0.27000    0.00000
   0.28000    0.00000
   0.29000    0.00000
   0.30000    0.00000
   0.31000    0.00000
   0.32000    0.00000
   0.33000    0.00000
   0.34000    0.00000
   0.35000    0.00000
   0.36000    0.00000
   0.37000    0.00000
   0.38000    0.00000
   0.39000    0.00000
   0.40000    0.00000
   0.41000    0.00000
   0.42000    0.00000
   0.43000    0.00000
   0.44000    0.00000
   0.45000    0.00000
   0.46000    0.00000
   0.47000    0.00000
   0.48000    0.00000
   0.49000    0.00000
   0.50000    0.00000
   0.51000    0.00000
   0.52000    0.00000
   0.53000    0.00000
   0.54000    0.00000
   0.55000    0.00000
   0.56000    0.00000
   0.57000    0.00000
   0.58000    0.00000
   0.59000    0.00000
   0.60000    0.00000
   0.61000    0.00000
   0.62000    0.00000
   0.63000    0.00000
   0.64000    0.00000
   0.65000    0.00000
   0.66000    0.00000
   0.67000    0.00000
   0.68000    0.00000
   0.69000    0.00000
   0.70000    0.00000
   0.71000    0.00000
   0.72000    0.00000
   0.73000    0.00000
   0.74000    0.00000
   0.75000    0.00000
   0.76000    0.00000
   0.77000    0.00000
   0.78000    0.00000
   0.79000    0.00000
   0.80000    0.00000
   0.81000    0.93332
   0.82000    1.52306
   0.83000    2.07464
   0.84000    1.73525
   0.85000    4.37476
   0.86000    6.35391
   0.87000    7.69748
   0.88000   11.33993
   0.89000   10.04788
   0.90000   17.51242
   0.91000   21.20763
   0.92000   22.80549
   0.93000   24.56537
   0.94000   24.75534
   0.95000   27.62185
   0.96000   32.16703
   0.97000   32.03362
   0.98000   35.11734
   0.99000   33.14137
   1.00000   35.86344
   1.01000   37.78866
   1.02000   38.20678
   1.03000   39.67988
   1.04000   36.94015
   1.05000   40.79192
   1.06000   40.10278
   1.07000   40.51964
   1.08000   40.49534
   1.09000   38.03364
   1.10000   40.36789
   1.11000   40.31519
   1.12000   39.76018
   1.13000   37.54031
   1.14000   39.63572
   1.15000   37.40583
   1.16000   36.82891
   1.17000   37.19399
   1.18000   39.55567
   1.19000   36.65775
   1.20000   38.74845
   1.21000   35.24951
   1.22000   36.88133
   1.23000   35.74271
   1.24000   36.41744
   1.25000   36.37738
   1.26000   36.57537
   1.27000   38.47151
   1.28000   37.05481
   1.29000   33.11925
   1.30000   36.28744
   1.31000   36.21231
   1.32000   37.48736
   1.33000   35.93666
   1.34000   35.63816
   1.35000   33.14149
   1.36000   34.30974
   1.37000   36.00029
   1.38000   32.79917
   1.39000   32.84588
   1.40000   32.23149
   1.41000   33.00741
   1.42000   33.50254
   1.43000   34.58893
   1.44000   33.37327
   1.45000   31.84415
   1.46000   31.16169
   1.47000   32.83154
   1.48000   33.02755
   1.49000   31.90001
   1.50000   33.96825
   1.51000   31.78149
   1.52000   30.78332
   1.53000   31.31096
   1.54000   31.16688
   1.55000   30.97864
   1.56000   32.42289
   1.57000   30.59622
   1.58000   32.22186
   1.59000   30.93010
   1.60000   29.90490
   1.61000   29.36922
   1.62000   30.52895
   1.63000   31.12410
   1.64000   29.94726
   1.65000   32.25801
   1.66000   29.15579
   1.67000   30.74539
   1.68000   29.51552
   1.69000   30.06620
   1.70000   32.39860
   1.71000   32.26017
   1.72000   30.68213
   1.73000   31.24596
   1.74000   31.53355
   1.75000   31.50710
   1.76000   30.84810
   1.77000   30.86246
   1.78000   29.55107
   1.79000   31.39326
   1.80000   31.32520
   1.81000   31.07248
   1.82000   30.36156
   1.83000   29.88150
   1.84000   30.40030
   1.85000   29.59465
   1.86000   30.63493
   1.87000   31.95177
   1.88000   31.00340
   1.89000   30.44483
   1.90000   31.73560
   1.91000   29.98203
   1.92000   32.43782
   1.93000   31.58669
   1.94000   30.43995
   1.95000   30.56120
   1.96000   31.18065
   1.97000   32.28910
   1.98000   30.99752
   1.99000   30.79051
   2.00000   32.55168
   2.01000   31.01336
   2.02000   32.41437
   2.03000   31.02310
   2.04000   32.12764
   2.05000   30.61813
   2.06000   31.09687
   2.07000   32.67882
   2.08000   32.39043
   2.09000   31.24034
   2.10000   31.47078
   2.11000   31.90990
   2.12000   32.51816
   2.13000   31.85528
   2.14000   31.73413
   2.15000   31.30782
   2.16000   31.10958
   2.17000   30.45224
   2.18000   30.38607
   2.19000   30.62394
   2.20000   32.43757
   2.21000   30.91008
   2.22000   32.66360
   2.23000   30.09120
   2.24000   30.77926
   2.25000   31.47629
   2.26000   32.83318
   2.27000   30.01201
   2.28000   31.89078
   2.29000   30.34439
   2.30000   30.56552
   2.31000   31.68177
   2.32000   30.26977
   2.33000   30.64560
   2.34000   30.55808
   2.35000   31.13015
   2.36000   30.92251
   2.37000   31.15118
   2.38000   32.31758
   2.39000   31.92028
   2.40000   32.17179
   2.41000   30.19637
   2.42000   31.25721
   2.43000   32.48789
   2.44000   31.67688
   2.45000   30.73395
   2.46000   31.10831
   2.47000   32.03200
   2.48000   30.71083
   2.49000   31.60246
   2.50000   30.80825
   2.51000   31.10187
   2.52000   32.47955
   2.53000   32.08098
   2.54000   31.79564
   2.55000   31.43862
   2.56000   31.17504
   2.57000   31.08402
   2.58000   30.69863
   2.59000   31.40212
   2.60000   31.82902
   2.61000   31.70420
   2.62000   31.59665
   2.63000   30.05358
   2.64000   31.95552
   2.65000   31.11632
   2.66000   33.47008
   2.67000   31.08256
   2.68000   32.56047
   2.69000   31.76794
   2.70000   30.85967
   2.71000   32.66273
   2.72000   30.86215
   2.73000   30.20978
   2.74000   31.62511
   2.75000   30.62410
   2.76000   30.66915
   2.77000   31.52977
   2.78000   32.66419
   2.79000   32.78695
   2.80000   30.81890
   2.81000   30.39130
   2.82000   31.14302
   2.83000   32.58194
   2.84000   30.42442
   2.85000   31.16976
   2.86000   31.81097
   2.87000   30.88321
   2.88000   32.42050
   2.89000   31.30330
   2.90000   31.51168
   2.91000   30.99530
   2.92000   31.42798
   2.93000   31.35889
   2.94000   30.79052
   2.95000   30.94574
   2.96000   32.02001
   2.97000   31.23772
   2.98000   32.33015
   2.99000   31.57700
   3.00000   31.35389
   3.01000   31.48506
   3.02000   31.56869
   3.03000   31.89540
   3.04000   31.38769
   3.05000   31.19291
   3.06000   30.88014
   3.07000   30.77628
   3.08000   31.37432
   3.09000   32.43537
   3.10000   31.20489
   3.11000   32.65267
   3.12000   32.34844
   3.13000   31.22372
   3.14000   30.77816
   3.15000   31.24121
   3.16000   31.30031
   3.17000   30.63584
   3.18000   31.12028
   3.19000   31.42606
   3.20000   31.56908
   3.21000   32.01125
   3.22000   31.30649
   3.23000   32.21118
   3.24000   30.80466
   3.25000   31.95036
   3.26000   32.11998
   3.27000   30.58707
   3.28000   31.53124
   3.29000   31.65987
   3.30000   31.99680
   3.31000   31.40076
   3.32000   31.29709
   3.33000   31.85379
   3.34000   31.86409
   3.35000   32.43137
   3.36000   31.94101
   3.37000   30.70815
   3.38000   30.31144
   3.39000   31.39487
   3.40000   30.53719
   3.41000   30.72851
   3.42000   31.43130
   3.43000   31.05701
   3.44000   31.28189
   3.45000   31.23174
   3.46000   31.35832
   3.47000   31.47317
   3.48000   31.42162
   3.49000   32.36598
