      0.10 -0.0000500 
      0.20 -0.0000500 
      0.30 -0.0000500 
      0.40 -0.0000500 
      0.50 -0.0000500 
      0.60 -0.0000500 
      0.70 -0.0000499 
      0.80 -0.0000499 
      0.90 -0.0000499 
      1.00 -0.0000499 
      1.10 -0.0000499 
      1.20 -0.0000499 
      1.30 -0.0000498 
      1.40 -0.0000498 
      1.50 -0.0000498 
      1.60 -0.0000498 
      1.70 -0.0000498 
      1.80 -0.0000497 
      1.90 -0.0000497 
      2.00 -0.0000497 
      2.10 -0.0000497 
      2.20 -0.0000497 
      2.30 -0.0000496 
      2.40 -0.0000496 
      2.50 -0.0000496 
      2.60 -0.0000496 
      2.70 -0.0000496 
      2.80 -0.0000496 
      2.90 -0.0000495 
      3.00 -0.0000495 
      3.10 -0.0000495 
      3.20 -0.0000495 
      3.30 -0.0000495 
      3.40 -0.0000495 
      3.50 -0.0000495 
      3.60 -0.0000495 
      3.70 -0.0000495 
      3.80 -0.0000495 
      3.90 -0.0000495 
      4.00 -0.0000495 
      4.10 -0.0000495 
      4.20 -0.0000496 
      4.30 -0.0000496 
      4.40 -0.0000496 
      4.50 -0.0000496 
      4.60 -0.0000497 
      4.70 -0.0000497 
      4.80 -0.0000497 
      4.90 -0.0000497 
      5.00 -0.0000498 
      5.10 -0.0000498 
      5.20 -0.0000498 
      5.30 -0.0000499 
      5.40 -0.0000499 
      5.50 -0.0000499 
      5.60 -0.0000499 
      5.70 -0.0000499 
      5.80 -0.0000500 
      5.90 -0.0000500 
      6.00 -0.0000500 
      6.10 -0.0000500 
      6.20 -0.0000500 
      6.30 -0.0000500 
      6.40 -0.0000500 
      6.50 -0.0000500 
      6.60 -0.0000500 
      6.70 -0.0000500 
      6.80 -0.0000500 
      6.90 -0.0000500 
      7.00 -0.0000499 
