   0.00000    1.00000 
   0.10000    1.00000 
   0.20000    0.99000 
   0.30000    0.97100 
   0.40000    0.94200 
   0.50000    0.90400 
   0.60000    0.85800 
   0.70000    0.80400 
   0.80000    0.74300 
   0.90000    0.67500 
   1.00000    0.60100 
   1.10000    0.52200 
   1.20000    0.43800 
   1.30000    0.35100 
   1.40000    0.26000 
   1.50000    0.16700 
   1.60000    0.07300 
   1.70000   -0.02200 
   1.80000   -0.11600 
   1.90000   -0.21000 
   2.00000   -0.30200 
   2.10000   -0.39100 
   2.20000   -0.47700 
   2.30000   -0.55900 
   2.40000   -0.63600 
   2.50000   -0.70700 
   2.60000   -0.77300 
   2.70000   -0.83100 
   2.80000   -0.88200 
   2.90000   -0.92400 
   3.00000   -0.95800 
   3.10000   -0.98400 
   3.20000   -1.00000 
   3.30000   -1.00600 
   3.40000   -1.00200 
   3.50000   -0.98900 
   3.60000   -0.96500 
   3.70000   -0.93200 
   3.80000   -0.88900 
   3.90000   -0.83700 
   4.00000   -0.77500 
   4.10000   -0.70600 
   4.20000   -0.62800 
   4.30000   -0.54400 
   4.40000   -0.45400 
   4.50000   -0.35800 
   4.60000   -0.25900 
   4.70000   -0.15600 
   4.80000   -0.05200 
   4.90000    0.05300 
   5.00000    0.15700 
   5.10000    0.26000 
   5.20000    0.35900 
   5.30000    0.45500 
   5.40000    0.54500 
   5.50000    0.62900 
   5.60000    0.70600 
   5.70000    0.77500 
   5.80000    0.83600 
   5.90000    0.88800 
   6.00000    0.93100 
   6.10000    0.96300 
   6.20000    0.98600 
   6.30000    0.99900 
   6.40000    1.00200 
   6.50000    0.99500 
   6.60000    0.97800 
   6.70000    0.95200 
   6.80000    0.91700 
   6.90000    0.87300 
