   0.00000    0.00000 
   0.10000    0.10000 
   0.20000    0.19900 
   0.30000    0.29600 
   0.40000    0.39000 
   0.50000    0.48100 
   0.60000    0.56700 
   0.70000    0.64800 
   0.80000    0.72300 
   0.90000    0.79100 
   1.00000    0.85300 
   1.10000    0.90700 
   1.20000    0.95300 
   1.30000    0.99100 
   1.40000    1.02000 
   1.50000    1.04100 
   1.60000    1.05200 
   1.70000    1.05500 
   1.80000    1.04900 
   1.90000    1.03300 
   2.00000    1.00900 
   2.10000    0.97700 
   2.20000    0.93500 
   2.30000    0.88600 
   2.40000    0.82900 
   2.50000    0.76500 
   2.60000    0.69400 
   2.70000    0.61700 
   2.80000    0.53500 
   2.90000    0.44700 
   3.00000    0.35500 
   3.10000    0.26000 
   3.20000    0.16300 
   3.30000    0.06400 
   3.40000   -0.03600 
   3.50000   -0.13500 
   3.60000   -0.23300 
   3.70000   -0.32800 
   3.80000   -0.42100 
   3.90000   -0.50800 
   4.00000   -0.59100 
   4.10000   -0.66700 
   4.20000   -0.73500 
   4.30000   -0.79600 
   4.40000   -0.84700 
   4.50000   -0.89000 
   4.60000   -0.92200 
   4.70000   -0.94300 
   4.80000   -0.95400 
   4.90000   -0.95300 
   5.00000   -0.94200 
   5.10000   -0.92000 
   5.20000   -0.88800 
   5.30000   -0.84500 
   5.40000   -0.79300 
   5.50000   -0.73200 
   5.60000   -0.66300 
   5.70000   -0.58600 
   5.80000   -0.50300 
   5.90000   -0.41500 
   6.00000   -0.32200 
   6.10000   -0.22600 
   6.20000   -0.12700 
   6.30000   -0.02800 
   6.40000    0.07200 
   6.50000    0.17200 
   6.60000    0.26900 
   6.70000    0.36400 
   6.80000    0.45600 
   6.90000    0.54300 
