   1.00000    0.00000 
   1.00000    0.10000 
   0.99000    0.19900 
   0.97100    0.29600 
   0.94200    0.39000 
   0.90400    0.48100 
   0.85800    0.56700 
   0.80400    0.64800 
   0.74300    0.72300 
   0.67500    0.79100 
   0.60100    0.85300 
   0.52200    0.90700 
   0.43800    0.95300 
   0.35100    0.99100 
   0.26000    1.02000 
   0.16700    1.04100 
   0.07300    1.05200 
  -0.02200    1.05500 
  -0.11600    1.04900 
  -0.21000    1.03300 
  -0.30200    1.00900 
  -0.39100    0.97700 
  -0.47700    0.93500 
  -0.55900    0.88600 
  -0.63600    0.82900 
  -0.70700    0.76500 
  -0.77300    0.69400 
  -0.83100    0.61700 
  -0.88200    0.53500 
  -0.92400    0.44700 
  -0.95800    0.35500 
  -0.98400    0.26000 
  -1.00000    0.16300 
  -1.00600    0.06400 
  -1.00200   -0.03600 
  -0.98900   -0.13500 
  -0.96500   -0.23300 
  -0.93200   -0.32800 
  -0.88900   -0.42100 
  -0.83700   -0.50800 
  -0.77500   -0.59100 
  -0.70600   -0.66700 
  -0.62800   -0.73500 
  -0.54400   -0.79600 
  -0.45400   -0.84700 
  -0.35800   -0.89000 
  -0.25900   -0.92200 
  -0.15600   -0.94300 
  -0.05200   -0.95400 
   0.05300   -0.95300 
   0.15700   -0.94200 
   0.26000   -0.92000 
   0.35900   -0.88800 
   0.45500   -0.84500 
   0.54500   -0.79300 
   0.62900   -0.73200 
   0.70600   -0.66300 
   0.77500   -0.58600 
   0.83600   -0.50300 
   0.88800   -0.41500 
   0.93100   -0.32200 
   0.96300   -0.22600 
   0.98600   -0.12700 
   0.99900   -0.02800 
   1.00200    0.07200 
   0.99500    0.17200 
   0.97800    0.26900 
   0.95200    0.36400 
   0.91700    0.45600 
   0.87300    0.54300 
