114.4763824125839 -166.42842623666053 -51.952043824076625
112.7403448179335 -165.9322275550047 -53.19188273707118
111.08089363408382 -164.43415782316197 -53.353264189078146
109.59035086153344 -162.04326597190274 -52.452915110369304
108.41656987072876 -158.89886628594647 -50.482296415217704
107.84926426810445 -155.15576932356348 -47.30650505545903
108.1011730906935 -150.9819209889124 -42.880747898218914
109.39433737632734 -146.5571836494453 -37.162846273117964
111.93788797605019 -142.05944230844065 -30.12155433239046
115.93412383782432 -137.6694578595282 -21.735334021703878
121.86111087353609 -133.53096088026743 -11.669850006731338
129.7376831675241 -129.7518118067078 -0.014128639183695668
139.9198119476468 -126.36887757268669 13.550934374960107
152.9911707802492 -123.32240378065264 29.66876699959657
168.853577834086 -120.48540643384602 48.36817140023997
187.76941538217963 -117.67081428306831 70.09860109911132
210.54309196271515 -114.59129622465709 95.95179573805807
237.81023263244307 -110.81273025505162 126.99750237739146
270.31754045632766 -105.74984922664504 164.56769122968262
309.34198388763775 -98.6814375428675 210.66054634477024
356.68902470609595 -88.76136943182019 267.92765527427576
414.9282699965211 -74.95225420657968 339.97601578994147
488.32712229705083 -55.969963409275735 432.3571588877751
582.9934855821414 -30.16793621596263 552.8255493661787
708.8826734426268 4.684649074268822 713.5673225168956
881.5046804001722 51.81706077595478 933.321741176127
1125.7291536774205 116.27402464982738 1242.003178327248
1483.9361463246516 206.62823181331817 1690.56437813797
2030.4781108459051 338.90390493484796 2369.382015780753
2903.24213560935 544.6851300019993 3447.9272656113494
4388.74314062809 881.8190905225309 5270.562231150621
7021.535160152837 1437.8186677359906 8459.353827888828
11181.070018412323 1938.5188808753114 13119.588899287635
14979.49170285641 1821.9287395583324 16801.420442414743
18351.833082845777 1745.752985431826 20097.586068277604
20630.16817740375 1415.2211113484339 22045.389288752183
22164.990547337315 2257.1810400327513 24422.171587370067
27065.491008044457 3435.1464524745397 30500.637460518996
33127.2315811906 3400.3153950514784 36527.546976242076
35153.85279974279 5430.399748124901 40584.25254786769
36796.84842294975 8213.89436034033 45010.74278329008
