230.13104761888957 -832.2774464151529 -602.1463987962634
355.8356565478918 -957.7472309806134 -601.9115744327216
321.3719499340598 -923.1912204562724 -601.8192705222126
328.28641061353164 -930.1177911832534 -601.8313805697218
348.06841705654074 -949.9311151752185 -601.8626981186777
362.62186221483256 -964.5302212531873 -601.9083590383548
340.6770007459929 -942.4871628977578 -601.8101621517649
328.7720382158551 -930.5140136771018 -601.7419754612467
319.0445712798489 -920.884487497783 -601.839916217934
347.30754802661187 -949.2282475799117 -601.9206995532998
326.21032609819105 -928.0183614792385 -601.8080353810474
354.406668766299 -956.2286528560519 -601.821984089753
361.12780478072244 -963.0682501088943 -601.9404453281718
351.29723429625716 -953.163998533228 -601.8667642369708
358.48057917387547 -960.4181604896066 -601.9375813157312
354.2791930828351 -956.1700919890833 -601.8908989062481
373.09894578241756 -974.9870115668382 -601.8880657844206
327.4444453778828 -929.2897881719638 -601.845342794081
352.1003820606071 -953.875027735338 -601.7746456747309
363.1683795063191 -965.0942731707324 -601.9258936644133
330.63933751922974 -932.5444315186795 -601.9050939994497
349.3429530640871 -951.1905056713144 -601.8475526072273
344.61771004894774 -946.4093409853205 -601.7916309363727
332.0233714849182 -933.883925212807 -601.8605537278888
336.3305876125151 -938.2004461896544 -601.8698585771392
362.2855858445015 -964.2103295140957 -601.9247436695942
349.29188564766076 -951.127760756346 -601.8358751086853
362.0195865983554 -963.8995808214022 -601.8799942230469
344.47222015668467 -946.3019934361967 -601.829773279512
339.3083435529634 -941.1816530819772 -601.8733095290138
352.04297989705924 -953.9828491423641 -601.9398692453049
355.78737200322377 -957.8261004963935 -602.0387284931696
367.1016968618882 -969.0229340947133 -601.9212372328251
331.3687675937103 -933.1813187107547 -601.8125511170444
354.6957021444611 -956.6159446454607 -601.9202425009996
332.3758039453759 -934.2336229322477 -601.8578189868718
372.43963663870477 -974.3822084164098 -601.942571777705
338.0259657857342 -939.8556555838991 -601.829689798165
341.84969994513943 -943.672222958265 -601.8225230131256
363.83810552820097 -965.8576380501785 -602.0195325219775
339.1510662360893 -941.0486267516051 -601.8975605155158
