227.9718716725445 -832.2774464151528 -604.3055747426083
276.19585734738837 -566.8613801787479 -290.66552283135957
276.24896627153953 -566.5217382689539 -290.27277199741434
276.3034930486398 -566.1807729994354 -289.8772799507956
276.3594508490665 -565.8384817461732 -289.4790308971067
276.4168511787479 -565.4948607628647 -289.07800958411684
276.4757048567484 -565.149905611157 -288.6742007544086
276.5360257539988 -564.8036150138333 -288.26758925983455
276.5978257526502 -564.4559842528001 -287.85815850014995
276.66111783793866 -564.1070100783553 -287.44589224041664
276.7259152133046 -563.756689302337 -287.03077408903243
276.7922312288645 -563.4050186832238 -286.6127874543593
276.860079382741 -563.0519949250404 -286.1919155422994
276.92947332240743 -562.6976146763876 -285.7681413539802
277.0004268460483 -562.3418745292878 -285.3414476832395
277.07295390393347 -561.9847710180511 -284.91181711411764
277.1470690537834 -561.6263010699956 -284.4792320162122
277.22278697317233 -561.266461524314 -284.04367455114163
277.30012120335334 -560.9052478595722 -283.6051266562189
277.3790863170169 -560.5426563676446 -283.16357005062764
277.4596970460578 -560.1786832766227 -282.7189862305649
277.5419697755448 -559.8133262425999 -282.2713564670551
277.6259184558402 -559.4465802572497 -281.8206618014095
277.7115588816418 -559.0784419242141 -281.3668830425723
277.79890586957646 -558.7089066413718 -280.9100007717953
277.8879745519378 -558.3379698781645 -280.44999532622666
277.978780647445 -557.9656274527533 -279.98684680530835
278.0713400447305 -557.5918751099705 -279.52053506524
278.16566942289325 -557.2167091367494 -279.05103971385614
278.26178523019564 -556.840125345625 -278.57834011542934
278.35291473407034 -556.4621259401763 -278.10921120610595
278.4395344466681 -556.0827482390142 -277.6432137923461
278.5279726592487 -555.7019929574069 -277.1740202981582
278.61824565696634 -555.3198571017027 -276.7016114447364
278.71037052884265 -554.9363338476705 -276.2259633188279
278.80436455712066 -554.5514183848449 -275.7470538277242
278.90024520876597 -554.1651058807424 -275.26486067197646
278.99803013683794 -553.7773914137899 -274.779361276952
279.0977371823167 -553.388269971157 -274.2905327888403
279.1993843759472 -552.9977364471331 -273.7983520711859
279.30298994011537 -552.6057856408725 -273.3027957007571
