114.68097650578824 -166.42842623666053 -51.74744973087229
113.92554231568714 -166.407829967989 -52.48228765230185
113.18446957668993 -166.3101500565867 -53.12568047989677
112.48675337522931 -166.13711255237337 -53.650359177144054
111.78826520003251 -165.89046439563353 -54.10219919560102
111.08888964013224 -165.571999341842 -54.483109701709765
110.38882226766121 -165.18355823375535 -54.79473596609414
109.68856300818179 -164.72703260962712 -55.03846960144533
108.9889101171727 -164.20436719487614 -55.21545707770345
108.29159573063653 -163.61757358048527 -55.32597784984874
107.59743451858704 -162.96871913873446 -55.37128462014742
106.90806531696526 -162.259910874818 -55.35184555785273
106.22542756959572 -161.49330801584873 -55.267880446253
105.55173581744808 -160.67111901818603 -55.11938320073796
104.88947608448326 -159.79559740040034 -54.906121315917076
104.24140252999163 -158.86903637685595 -54.62763384686431
103.61053748841354 -157.89376224331346 -54.28322475489992
103.0020007706514 -156.8721509549218 -53.8701501842704
102.41767470085763 -155.8066005459027 -53.38892584504508
101.77814742076616 -154.69967034112096 -52.9215229203548
101.15855608724277 -153.55408331860428 -52.39552723136151
100.56945925980237 -152.37237613513278 -51.80291687533041
100.01521333330979 -151.15706926220835 -51.141855928898565
99.50041242301948 -149.91065225042155 -50.410239827402066
99.02988647829268 -148.63556617657184 -49.60567969827916
98.60869992836561 -147.33418420594447 -48.72548427757886
98.24215100343262 -146.00879014591038 -47.76663914247776
97.93577190566145 -144.66155485157523 -46.72578294591378
97.55688446675619 -143.2951182961348 -45.738233829378615
97.15463316798561 -141.9140088378232 -44.75937566983758
96.81813538684062 -140.52088281365616 -43.702747426815534
96.53616265932719 -139.1180414096666 -42.58187875033941
96.20902846344782 -137.7087617686941 -41.49973330524628
95.95385630409308 -136.29592841902132 -40.34207211492824
95.71994729127833 -134.88106416446814 -39.16111687318981
95.54881094813953 -133.46612574896437 -37.91731480082484
95.46730135135873 -132.05280751748154 -36.58550616612281
95.48220708303502 -130.64246857930513 -35.16026149627011
95.60051864689444 -129.23611495628757 -33.63559630939312
95.82944315999798 -127.83435301830497 -32.00490985830699
96.17642365681182 -126.43733852132284 -30.260914864511022
