2302.7987916587035 -192.3612207553593 2110.4375709033443
2317.891547277432 -208.02739534072174 2109.86415193671
2352.1671294168355 -241.83659330860257 2110.330536108233
2266.950486577604 -156.16653495054456 2110.783951627059
2289.3519234126534 -178.78114848941183 2110.5707749232415
2336.6915528451987 -226.2346653840268 2110.456887461172
2319.3228405197788 -208.71015089282926 2110.6126896269493
2250.0586836406083 -139.28876655130804 2110.7699170893
2302.0507766164164 -191.1003052622673 2110.950471354149
2347.9338674740566 -238.1124764755034 2109.8213909985534
2327.638694431419 -217.14961190541175 2110.489082526007
2310.806666528194 -200.35190509500782 2110.4547614331864
2302.280233576986 -192.67638095406033 2109.603852622926
2270.2900349097313 -159.7822983926227 2110.5077365171087
2249.7725690445936 -139.5820289757094 2110.1905400688843
2303.4107120194144 -193.18285033950093 2110.2278616799135
2299.715074528099 -189.03844726126536 2110.6766272668337
2258.3529799191633 -148.03314159624858 2110.3198383229146
2300.979270005187 -190.7094675000832 2110.269802505104
2346.5941556292155 -236.00847811447483 2110.585677514741
2316.157330712059 -205.76620645920784 2110.391124252851
2291.52341926452 -182.83500981733047 2108.6884094471893
2244.687788264495 -134.08987115845093 2110.597917106044
2264.4865892667626 -154.7320442330026 2109.75454503376
2252.783168359175 -142.8408980448668 2109.942270314308
2316.0804728237613 -205.70321254703913 2110.377260276722
2324.500046555964 -214.5221003297862 2109.977946226178
2327.649808153818 -218.2974670364627 2109.352341117355
2259.7242310622805 -149.90047782554825 2109.823753236732
2315.533971310638 -205.76335911581023 2109.770612194828
2299.534210312147 -188.98333740449905 2110.5508729076478
2276.6894316196276 -166.68135483656275 2110.008076783065
2279.162500235547 -169.57065654873048 2109.591843686817
2305.095466131479 -195.4344361246968 2109.6610300067823
2307.2360020153455 -196.59149391348458 2110.644508101861
2311.5538122472362 -201.3694461839073 2110.184366063329
2270.482304987643 -160.74875214522075 2109.7335528424223
2319.822978681319 -210.23248434147337 2109.5904943398455
2328.6340679559976 -219.33590709853468 2109.298160857463
2283.012288749327 -173.44247971675463 2109.5698090325723
2274.0854473565205 -164.9907123207867 2109.0947350357337
