229.71326674296063 -832.2774464151529 -602.5641796721923
349.03513268664454 -951.3008153855952 -602.2656826989507
332.425116879156 -934.7670450756746 -602.3419281965186
336.9202682118839 -939.1998499321154 -602.2795817202315
329.66102144595703 -932.0022385839613 -602.3412171380044
348.7916792168984 -951.0878815716025 -602.2962023547041
339.8295178566304 -942.1883285373425 -602.3588106807122
351.68859934329095 -953.9944437223493 -602.3058443790583
363.1247234743972 -965.4757488468308 -602.3510253724337
348.3131897654848 -950.5698644359275 -602.2566746704426
342.1274168785098 -944.3651435536457 -602.237726675136
323.1732323706076 -925.4146251020018 -602.2413927313942
319.75155445369455 -921.9425463062771 -602.1909918525826
328.49037294465825 -930.7392310671182 -602.24885812246
347.57106786300204 -949.8745152657335 -602.3034474027315
344.76873076522617 -947.0102432687903 -602.2415125035641
365.37636878829875 -967.6489465704931 -602.2725777821943
344.40388648415575 -946.6069965428751 -602.2031100587194
341.9703421235496 -944.342019544758 -602.3716774212085
331.23454934146514 -933.4757013092762 -602.2411519678111
351.4742057961076 -953.7485654229764 -602.2743596268688
361.5326714170203 -963.8894524900649 -602.3567810730445
347.17508588068 -949.5332690634268 -602.3581831827469
349.06665321373765 -951.4137945814238 -602.3471413676862
336.6323558997964 -938.9024945738587 -602.2701386740623
348.7796190233202 -951.1294274240669 -602.3498084007467
321.0328534129867 -923.2920610947249 -602.2592076817382
347.79334645856676 -950.1589930104192 -602.3656465518525
358.9744704583193 -961.3372013274836 -602.3627308691644
339.67380809835095 -941.9051847057116 -602.2313766073606
368.5076142592671 -970.8475348565894 -602.3399205973224
355.7586304325013 -958.0702998244196 -602.3116693919183
341.53808334356256 -943.892350913073 -602.3542675695104
358.250600107447 -960.5626891063494 -602.3120889989024
337.2937157579446 -939.493690467169 -602.1999747092244
373.72081631621097 -976.1395817028256 -602.4187653866146
342.87745924690626 -945.1512655518684 -602.2738063049621
345.5222318383378 -947.860995767186 -602.3387639288482
372.57000717363184 -974.9800149513475 -602.4100077777157
350.3049185475198 -952.5976886373012 -602.2927700897815
355.4112888596268 -957.7505075810698 -602.339218721443
