228.99306478996536 -983.8902168846013 -754.8971520946359
330.62352790316265 -1085.3598220313456 -754.736294128183
332.9342759622085 -1087.666265732302 -754.7319897700935
361.74338470462595 -1116.543466623359 -754.8000819187332
358.96196137271545 -1113.7826250123285 -754.820663639613
355.89077060646673 -1110.6849538627284 -754.7941832562617
334.9011410191455 -1089.6136831650695 -754.712542145924
353.206300882309 -1108.138539445755 -754.9322385634459
354.65591391050083 -1109.531866093919 -754.8759521834181
335.43943360473247 -1090.3416746309904 -754.9022410262579
352.5403676791421 -1107.3541068697489 -754.8137391906068
337.56354300282305 -1092.3163775535672 -754.7528345507442
365.986561868481 -1120.8024099854847 -754.8158481170037
345.09623039389237 -1099.83284790633 -754.7366175124376
350.69252325043783 -1105.4529831891025 -754.7604599386647
340.2256336976221 -1095.0106309707242 -754.7849972731021
345.31597476459166 -1100.1078745205807 -754.7918997559891
332.2126490611396 -1086.9459634804207 -754.7333144192811
329.8779126755192 -1084.5947766210074 -754.7168639454883
347.773527075108 -1102.4496146548543 -754.6760875797463
348.513561982578 -1103.332413528943 -754.8188515463651
331.5588962067837 -1086.3616314967815 -754.8027352899978
338.5930281619431 -1093.3269988780219 -754.7339707160788
349.0798029668861 -1103.942811725565 -754.8630087586789
334.4052179706928 -1089.2213038973707 -754.8160859266779
351.3381788870491 -1106.1871047955233 -754.8489259084743
341.4571359796481 -1096.3267383350449 -754.8696023553968
346.2408637414793 -1101.1035069847496 -754.8626432432703
325.9340379776009 -1080.6203901825456 -754.6863522049448
348.0527660494711 -1102.814004226367 -754.7612381768959
355.17198457448126 -1109.9868260471824 -754.8148414727011
311.6350270131153 -1066.383056804535 -754.7480297914198
344.4610883075377 -1099.2457858377622 -754.7846975302245
331.66974198326227 -1086.4278788630486 -754.7581368797863
342.2759930088724 -1097.0697031360874 -754.793710127215
364.15763435298385 -1118.9894132890977 -754.8317789361138
363.8075919467332 -1118.7296140672254 -754.9220221204921
350.15862852010173 -1104.967478472441 -754.8088499523392
325.67263675693755 -1080.4244191508726 -754.7517823939351
331.1798726999073 -1085.9424525917152 -754.762579891808
342.1528679147147 -1096.8340271316724 -754.6811592169577
