228.58831620634538 -706.3817555530353 -477.7934393466899
365.35195965450646 -843.0060597961419 -477.65410014163547
343.6155736714401 -821.1916660409224 -477.57609236948235
343.89336388562054 -821.415183179836 -477.5218192942155
355.89335516238725 -833.4553512154819 -477.5619960530946
352.10687789456455 -829.6714067755327 -477.5645288809681
347.9283945758821 -825.5172876843137 -477.5888931084316
357.3794097484649 -835.0328894549878 -477.65347970652283
347.4347163159229 -824.939008341402 -477.50429202547906
351.4264503046798 -828.9901486876428 -477.56369838296297
360.652023353142 -838.1815723167182 -477.5295489635762
340.6795478610235 -818.229180687249 -477.54963282622555
333.5844141054642 -811.0536015062013 -477.4691874007371
347.135577459815 -824.6412475541009 -477.5056700942859
333.99384264543227 -811.5751029412177 -477.5812602957854
355.56576964125367 -833.1547821707526 -477.5890125294989
357.97049955900934 -835.6178311475065 -477.6473315884972
341.56773423301786 -818.9703935253758 -477.40265929235795
347.80663663651205 -825.4405726238443 -477.6339359873323
350.0153323294597 -827.6941212592907 -477.678788929831
346.56109245870346 -824.1268230640595 -477.56573060535607
336.25826366336054 -813.8027016007925 -477.54443793743195
318.7223716045243 -796.1678377344864 -477.4454661299621
343.3473663644941 -820.9126197716349 -477.5652534071408
330.83166736960413 -808.4657823690706 -477.6341149994664
357.5595850967815 -835.1186447174069 -477.5590596206254
363.3481786730418 -841.0448324409841 -477.69665376794234
308.9444933958455 -786.3625285366811 -477.4180351408356
364.83772578704895 -842.4408015249563 -477.6030757379074
354.36107619624755 -831.9097446695696 -477.54866847332204
337.56129076392006 -815.1086162082261 -477.547325444306
372.52655181873814 -850.0387165667307 -477.5121647479926
319.0704130907312 -796.5592301253758 -477.4888170346446
311.81744775052647 -789.2934085882525 -477.47596083772606
345.2464405208917 -822.8279201072353 -477.58147958634356
338.0757721402939 -815.6069736032589 -477.531201462965
333.5268920860327 -811.0252565999866 -477.4983645139539
342.04099856714384 -819.5208538315499 -477.479855264406
357.2764701492903 -834.8209611409585 -477.5444909916682
336.8911593127272 -814.445401662359 -477.5542423496318
342.98192065369864 -820.5871435562229 -477.6052229025243
