574.7388934655279 -2304.8562164079817 -1730.117322942454
574.6393603681436 -2304.836942408357 -1730.1975820402135
574.5190229188743 -2304.792824054361 -1730.2738011354868
574.378066389986 -2304.7238760653413 -1730.3458096753552
574.2164614567876 -2304.6301151322527 -1730.4136536754652
574.0341817392044 -2304.511559931839 -1730.4773781926347
573.8312038004266 -2304.3682311414573 -1730.5370273410308
573.6075071465351 -2304.200151454177 -1730.5926443076419
573.363074227074 -2304.007345594556 -1730.6442713674824
573.0978904365812 -2303.7898403347463 -1730.6919498981651
572.8119441170436 -2303.5476645112017 -1730.735720394158
572.5052265612939 -2303.2808490417965 -1730.7756224805025
572.1777320173239 -2302.989426943498 -1730.8116949261741
571.8294576934983 -2302.673433350445 -1730.843975656947
571.4604037646761 -2302.3329055326667 -1730.8725017679906
571.0705733792161 -2301.9678829150835 -1730.8973095358674
570.659972666852 -2301.5784070971763 -1730.9184344303244
570.2286107474434 -2301.164521872987 -1730.9359111255435
569.7764997405653 -2300.7262732517515 -1730.9497735111863
569.3036547759398 -2300.2637094788142 -1730.9600547028745
568.810094004698 -2299.776881057176 -1730.9667870524781
568.2958386114411 -2299.265840769408 -1730.970002157967
567.7609128271116 -2298.730643700053 -1730.9697308729415
567.2053439426337 -2298.1713472584065 -1730.966003315773
566.6291623233308 -2297.5880112018217 -1730.958848878491
566.0324014240841 -2296.980697659405 -1730.9482962353209
565.4150978052334 -2296.3494711560484 -1730.934373350815
564.7772911491866 -2295.694398636983 -1730.9171074877963
564.119024277737 -2295.0155494926507 -1730.8965252149137
563.4403431700565 -2294.3129955839436 -1730.872652413887
562.741296981356 -2293.5868112678445 -1730.8455142864887
562.0219380621874 -2292.8370734234413 -1730.8151353612539
561.2823219783669 -2292.0638614781365 -1730.7815394997697
560.522507531505 -2291.2672574343264 -1730.7447499028215
559.7425567801205 -2290.4473458963657 -1730.7047891162451
558.9425350613149 -2289.6042140977197 -1730.6616790364048
558.1225110129769 -2288.737951928408 -1730.6154409154312
557.2825565965176 -2287.8486519627704 -1730.5660953662527
556.4227471200853 -2286.9364094873704 -1730.5136623672852
555.5431612622539 -2286.0013225291664 -1730.4581612669126
554.6438810961512 -2285.0434918838405 -1730.3996107876892
