114.83961961656665 -166.42842623666053 -51.58880662009388
113.78135298013397 -166.36545196455236 -52.58409898441839
112.79370385189314 -166.04343289961957 -53.24972904772643
111.87580445361357 -165.47129435840174 -53.59548990478817
111.03067596774832 -164.6583498729639 -53.62767390521557
110.26024339768443 -163.61431882081988 -53.35407542313544
109.57360606062731 -162.34937896565663 -52.775772905029314
108.98796965473178 -160.87399043223675 -51.88602077750497
108.52501018021782 -159.19862852871898 -50.673618348501165
108.09422964123827 -157.33369847287418 -49.239468831635904
107.50154589333559 -155.29428513851533 -47.792739245179746
107.07246488720006 -153.0943429942874 -46.02187810708733
106.51808538857733 -150.74863557875452 -44.23055019017718
106.12823673584926 -148.27446716618698 -42.146230430337724
105.98136738927182 -145.68404305000175 -39.70267566072992
106.12336256297789 -142.98701440838954 -36.86365184541165
106.6062117113746 -140.18957002387435 -33.583358312499755
107.35209563613016 -137.29388786148934 -29.94179222535918
108.1889368558477 -134.29832049459023 -26.10938363874253
108.73000284065772 -131.21054257484263 -22.480539734184916
109.10287443142822 -128.03984261569596 -18.93696818426774
109.76830549943999 -124.79229394124647 -15.02398844180648
110.801475591651 -121.46032560328156 -10.658850011630562
112.36375280616696 -118.0274704889339 -5.6637176827669435
114.53921499020129 -114.46479347838758 0.0744215118137106
115.6671690463208 -110.7725183599793 4.8946506863414925
116.7574848988755 -106.97339907729136 9.784085821584142
117.23954824366005 -103.07798882051885 14.161559423141199
115.30987411335259 -99.14951874951304 16.160355363839557
112.99268180972868 -95.28862126080742 17.704060548921262
110.8301168536482 -91.55651030012513 19.27360655352308
108.9046503376338 -88.00453889096158 20.900111446672213
107.33436291841011 -84.68332266570783 22.651040252702273
106.2508704456609 -81.63060860806482 24.620261837596075
105.78631217830487 -78.89518470420745 26.891127474097416
106.018188666633 -76.53244601641155 29.48574265022144
106.90874689894189 -74.58335153316794 32.32539536577394
108.54581067540877 -73.06951706642414 35.47629360898463
110.6504659617299 -71.96609741451533 38.684368547214575
112.87565617538075 -71.05440592721392 41.821250248166834
115.84392323159315 -70.28569842306949 45.55822480852366
