228.83885390056074 -706.3817555530353 -477.5429016524746
177.63407181940275 -655.1768793509757 -477.542807531573
117.01142225922624 -594.5540890415207 -477.5426667822944
150.49108420191686 -628.0338814769381 -477.5427972750212
191.7908161230422 -669.3336132727525 -477.5427971497103
223.74920365504204 -701.2919570528162 -477.54275339777416
277.5468945441189 -755.0896859200777 -477.5427913759588
328.9933310616384 -806.5361342722953 -477.54280321065687
363.86205365721673 -841.4048901594037 -477.542836502187
378.93572542283897 -856.4785957460302 -477.54287032319127
360.6340218874365 -838.1768773017124 -477.54285541427583
332.2283468283116 -809.7711477303554 -477.54280090204384
334.3829377272264 -811.9257775219587 -477.5428397947323
345.7854109911225 -823.3282377121703 -477.54282672104785
357.6326709653052 -835.1755523660072 -477.542881400702
333.7656924785412 -811.30850573107 -477.5428132525288
326.4709404278371 -804.0137673169088 -477.5428268890717
345.49387848886 -823.0367785824906 -477.5429000936306
334.07304945416683 -811.6158773325304 -477.5428278783636
327.46330641034893 -805.0061244527634 -477.54281804241447
347.8490587935678 -825.3919316484743 -477.5428728549065
356.77404249435614 -834.316889997908 -477.54284750355185
355.06183977277385 -832.604704210224 -477.54286443745013
333.63614522177124 -811.1789813072944 -477.54283608552316
322.1123128612965 -799.6551117795786 -477.54279891828213
343.3812965790199 -820.9241657430841 -477.54286916406426
343.3198198852102 -820.8626707006676 -477.5428508154574
328.1108560626767 -805.6536681074779 -477.54281204480117
339.76087753881063 -817.3037137239469 -477.54283618513625
357.27475162752523 -834.8176072870672 -477.54285565954194
353.7978692322898 -831.3406955530854 -477.5428263207956
347.7696768228036 -825.3125042196377 -477.5428273968341
349.6968277217827 -827.2396906442013 -477.54286292241864
341.07895548759046 -818.6217699899825 -477.542814502392
343.3949725187403 -820.9378043677295 -477.54283184898924
349.2834488213139 -826.8262938968796 -477.5428450755657
343.0071993603669 -820.5500551499476 -477.54285578958076
331.63840180898126 -809.1812256434977 -477.5428238345164
336.9301476040341 -814.4730226051502 -477.54287500111604
328.2529017236007 -805.7957237310668 -477.5428220074661
331.4712094848483 -809.0140664500775 -477.5428569652292
