114.10274125175594 -166.42842623666053 -52.32568498490458
113.73178916158858 -166.36202542955067 -52.63023626796209
113.3606769110243 -166.28218213518502 -52.921505224160725
112.99004238640556 -166.1890248219251 -53.19898243551954
112.61987561461716 -166.08268481285958 -53.462809198242425
112.24413078957144 -165.9632978657217 -53.719167076150256
111.85974770615326 -165.83101148278982 -53.97126377663656
111.47616726065385 -165.685973306531 -54.209806045877144
111.09341128017266 -165.52833283503023 -54.43492155485757
110.71150883497802 -165.3582425165607 -54.646733681582674
110.33830239096886 -165.17585580197144 -54.837553411002574
109.97851908577938 -164.98131719219614 -55.00279810641676
109.62657286775051 -164.77477004269466 -55.148197174944144
109.27571982182258 -164.55636891432997 -55.28064909250739
108.92602082407875 -164.32627364726685 -55.4002528231881
108.57754373196525 -164.0846471379928 -55.50710340602754
108.23036333675451 -163.83165533925623 -55.60129200250172
107.8845613150562 -163.56746725732913 -55.682905942272924
107.54022617930646 -163.29225494656816 -55.752028767261706
107.19745322716042 -163.00619350119484 -55.80874027403442
106.85634448971953 -162.7094610443106 -55.853116554591054
106.51700867852117 -162.40223871404987 -55.88523003552871
106.17956113122035 -162.08471064686967 -55.90514951564931
105.8441237558972 -161.75706395791647 -55.91294020201927
105.51082497391818 -161.41948871843286 -55.90866374451468
105.17979966128695 -161.07217793015624 -55.892378268869294
104.85118908841734 -160.71532749668594 -55.8641384082686
104.52514085826321 -160.34913619174142 -55.82399533347821
104.20180884274306 -159.9738056243123 -55.77199678156923
103.8813531173952 -159.5895402006288 -55.7081870832336
103.56393989420347 -159.19654708291486 -55.63260718871139
103.2497414525353 -158.7950361448994 -55.545294692364095
102.93893606813229 -158.38521992402866 -55.44628385589637
102.63170794010028 -157.96731357033892 -55.33560563023863
102.32824711584291 -157.54153479197439 -55.21328767613147
102.02874941388848 -157.10810379727857 -55.0793543833901
101.73341634456096 -156.66724323346494 -54.93382688890398
101.44245502844679 -156.21917812176983 -54.77672309332304
101.1560781126148 -155.76413578914386 -54.60805767652907
100.87450368454661 -155.30234579635214 -54.42784211180553
100.59795518373913 -154.8340398625231 -54.23608467878397
