571.9881228692518 -2476.0949099668965 -1904.1067870976447
736.0666581411676 -2639.805531932944 -1903.7388737917765
738.5584999739856 -2642.313984158935 -1903.7554841849494
679.9083408680254 -2583.6015929916034 -1903.693252123578
720.7857055105048 -2624.437250471158 -1903.6515449606534
725.6838985168773 -2629.37800218938 -1903.6941036725025
708.9180148924369 -2612.6997934120227 -1903.7817785195857
691.3038210304665 -2594.9880527475775 -1903.684231717111
686.6461803182523 -2590.3504834778 -1903.7043031595476
740.6371927789835 -2644.4261365618154 -1903.788943782832
718.3437288325804 -2622.1454925782245 -1903.8017637456442
725.50818146383 -2629.1827731605517 -1903.6745916967216
719.5948482531852 -2623.3628220475025 -1903.7679737943172
724.3383825798524 -2628.024592750659 -1903.6862101708066
716.1344661621911 -2619.738257734081 -1903.6037915718898
687.4995666047056 -2591.100033109337 -1903.6004665046312
705.9897475613564 -2609.6898409712594 -1903.700093409903
754.4551034319129 -2658.1028251520675 -1903.6477217201545
728.9614499734554 -2632.7732679149544 -1903.8118179414992
713.7894122648962 -2617.4304908205704 -1903.641078555674
709.165185214078 -2612.837022586897 -1903.671837372819
738.6933186131232 -2642.417355153914 -1903.7240365407906
708.940297670812 -2612.6532436216335 -1903.7129459508214
690.6599910732788 -2594.2784063818717 -1903.6184153085928
764.563663310036 -2668.3134536230873 -1903.7497903130513
675.3254696166867 -2578.9971940354553 -1903.6717244187685
730.4509284341253 -2634.06808087726 -1903.6171524431347
723.8245590409338 -2627.5286594067875 -1903.7041003658537
741.1004562921639 -2644.821865415854 -1903.7214091236901
726.7439630264265 -2630.438846608657 -1903.6948835822304
717.0517503271697 -2620.6857405035 -1903.6339901763301
738.30220851608 -2642.0312252362787 -1903.7290167201986
725.097041061033 -2628.7399410063363 -1903.6428999453033
716.3997190809245 -2620.179672000027 -1903.7799529191025
742.758776568279 -2646.4743721845202 -1903.7155956162412
714.0075286341329 -2617.6838183847935 -1903.6762897506605
688.4467061827769 -2592.0935763830544 -1903.6468702002776
703.2262652252057 -2606.934671829362 -1903.7084066041562
773.132869905281 -2676.9568011970996 -1903.8239312918186
725.5405337874856 -2629.4101650358975 -1903.869631248412
727.1266073292765 -2630.8120471300954 -1903.685439800819
