126.19995585318648 -387.9430775810122 -261.7431217278257
109.73490585649631 -365.3419084744045 -255.60700261790817
109.73160143937288 -365.33687647829544 -255.60527503892257
109.72829709075913 -365.3318441852938 -255.60354709453466
109.72499280720412 -365.3268115919436 -255.60181878473952
109.72168858886188 -365.32177869836255 -255.60009010950068
109.7183844358866 -365.3167455046745 -255.59836106878788
109.7150803484323 -365.3117120109897 -255.5966316625574
109.71177632665334 -365.30667821742696 -255.59490189077363
109.70847237070387 -365.3016441241082 -255.5931717534043
109.70516848073794 -365.29660973114676 -255.59144125040882
109.7018647122215 -365.29157509390507 -255.58971038168357
109.69856101467211 -365.2865401620059 -255.58797914733378
109.6952573835645 -365.28150493081984 -255.58624754725534
109.6919538190531 -365.276469400462 -255.58451558140894
109.68865032129207 -365.2714335710508 -255.58278324975873
109.68534689043588 -365.2663974427026 -255.58105055226673
109.68204352663876 -365.2613610155369 -255.57931748889814
109.67874023005497 -365.25632428967174 -255.57758405961675
109.67543700083914 -365.25128726522286 -255.57585026438372
109.67213383914543 -365.24624994231175 -255.57411610316632
109.66883074512842 -365.2412123210519 -255.57238157592346
109.66552771894243 -365.2361744015654 -255.57064668262296
109.6622248135682 -365.23113623698947 -255.56891142342127
109.6589220295924 -365.22609782747907 -255.56717579788665
109.65561931392172 -365.22105912009937 -255.56543980617766
109.65231666671053 -365.21602011497043 -255.5637034482599
109.64901408811338 -365.21098081220765 -255.56196672409428
109.64571158398509 -365.2059412176225 -255.56022963363745
109.64240920935936 -365.20090138623317 -255.5584921768738
109.63910690380722 -365.1958612575676 -255.55675435376043
109.63580466748301 -365.1908208317428 -255.55501616425983
109.63250250054148 -365.1857801088797 -255.55327760833825
109.62920040313725 -365.1807390890916 -255.55153868595437
109.62589837542495 -365.1756977725017 -255.54979939707673
109.62259641755934 -365.1706561592227 -255.54805974166334
109.61929452969503 -365.1656142493757 -255.5463197196807
109.61599271198669 -365.16057204308123 -255.54457933109455
109.61269096458902 -365.15552954045097 -255.54283857586194
109.60938928765691 -365.15048674160647 -255.54109745394956
109.60608768134492 -365.145443646666 -255.5393559653211
