   0.00000    0.00000
   0.02000    0.00000
   0.04000    0.00000
   0.06000    4.73597
   0.08000    4.73597
   0.10000    2.36798
   0.12000    2.36798
   0.14000    7.10395
   0.16000    9.47194
   0.18000    0.00000
   0.20000   11.83992
   0.22000   11.83992
   0.24000   23.67985
   0.26000   23.67985
   0.28000   28.41582
   0.30000   40.25574
   0.32000   26.04783
   0.34000   44.99171
   0.36000   33.15179
   0.38000   61.56761
   0.40000   66.30358
   0.42000   82.87947
   0.44000  101.82335
   0.46000   71.03955
   0.48000  108.92730
   0.50000   85.24745
   0.52000   87.61544
   0.54000  111.29529
   0.56000  132.60715
   0.58000  158.65498
   0.60000  137.34312
   0.62000  153.91901
   0.64000  153.91901
   0.66000  125.50320
   0.68000  165.75894
   0.70000  187.07080
   0.72000  177.59886
   0.74000  165.75894
   0.76000  201.27871
   0.78000  277.05423
   0.80000  217.85461
   0.82000  284.15818
   0.84000  248.63841
   0.86000  303.10206
   0.88000  305.47004
   0.90000  312.57400
   0.92000  352.82974
   0.94000  348.09377
   0.96000  343.35780
   0.98000  331.51788
   1.00000  317.30997
   1.02000  345.72579
   1.04000  402.55742
   1.06000  393.08548
   1.08000  409.66138
   1.10000  393.08548
   1.12000  466.49301
   1.14000  457.02108
   1.16000  528.06062
   1.18000  509.11674
   1.20000  547.00450
   1.22000  499.64480
   1.24000  504.38077
   1.26000  608.57211
   1.28000  596.73218
   1.30000  589.62823
   1.32000  627.51598
   1.34000  660.66777
   1.36000  736.44329
   1.38000  686.71561
   1.40000  750.65120
   1.42000  736.44329
   1.44000  783.80298
   1.46000  835.89865
   1.48000  831.16268
   1.50000  904.57021
   1.52000  793.27492
   1.54000  944.82595
   1.56000  989.81767
   1.58000  876.15439
   1.60000  947.19394
   1.62000  930.61804
   1.64000  918.77812
   1.66000  902.20223
   1.68000 1089.27303
   1.70000 1096.37698
   1.72000 1124.79280
   1.74000 1086.90504
   1.76000 1243.19204
   1.78000 1150.84063
   1.80000 1219.51220
   1.82000 1311.86360
   1.84000 1321.33554
   1.86000 1283.44779
   1.88000 1266.87189
   1.90000 1255.03197
   1.92000 1423.15889
   1.94000 1408.95098
   1.96000 1503.67038
   1.98000 1446.83874
   2.00000 1434.99882
   2.02000 1565.23798
   2.04000 1475.25456
   2.06000 1574.70992
   2.08000 1581.81388
   2.10000 1650.48544
   2.12000 1768.88468
   2.14000 1719.15700
   2.16000 1688.37319
   2.18000 1785.46057
   2.20000 1910.96377
   2.22000 2005.68316
   2.24000 2003.31518
   2.26000 1996.21122
   2.28000 1806.77244
   2.30000 2012.78712
   2.32000 1967.79541
   2.34000 2138.29031
   2.36000 2050.67488
   2.38000 1986.73928
   2.40000 2164.33815
   2.42000 2173.81009
   2.44000 2185.65001
   2.46000 2334.83306
   2.48000 2235.37769
   2.50000 2197.48994
   2.52000 2188.01800
   2.54000 2275.63344
   2.56000 2188.01800
   2.58000 2199.85792
   2.60000 2086.19465
   2.62000 2150.13024
   2.64000 2214.06583
   2.66000 2041.20294
   2.68000 1984.37130
   2.70000 1963.05944
   2.72000 1906.22780
   2.74000 1941.74757
   2.76000 2053.04286
   2.78000 1837.55624
   2.80000 1778.35662
   2.82000 1802.03647
   2.84000 1745.20483
   2.86000 1688.37319
   2.88000 1610.22969
   2.90000 1728.62894
   2.92000 1593.65380
   2.94000 1667.06133
   2.96000 1591.28582
   2.98000 1548.66209
