   0.00000    0.00000
   0.01000    0.00000
   0.02000    0.00000
   0.03000    0.00000
   0.04000    0.00000
   0.05000    0.00000
   0.06000    0.00000
   0.07000    0.00000
   0.08000    0.00000
   0.09000    0.00000
   0.10000    0.00000
   0.11000    0.00000
   0.12000    0.00000
   0.13000    0.00000
   0.14000    0.00000
   0.15000    0.00000
   0.16000    0.00000
   0.17000    0.00000
   0.18000    0.00000
   0.19000    0.00000
   0.20000    0.00000
   0.21000    0.00000
   0.22000    0.00000
   0.23000    0.00000
   0.24000    0.00000
   0.25000    0.00000
   0.26000    0.00000
   0.27000    0.00000
   0.28000    0.00000
   0.29000    0.00000
   0.30000    0.00000
   0.31000    0.00000
   0.32000    0.00000
   0.33000    0.00000
   0.34000    0.00000
   0.35000    0.00000
   0.36000    0.00000
   0.37000    0.00000
   0.38000    0.00000
   0.39000    0.00000
   0.40000    0.00000
   0.41000    0.00000
   0.42000    0.00000
   0.43000    0.00000
   0.44000    0.00000
   0.45000    0.00000
   0.46000    0.00000
   0.47000    0.00000
   0.48000    0.00000
   0.49000    0.00000
   0.50000    0.00000
   0.51000    0.00000
   0.52000    0.00000
   0.53000    0.00000
   0.54000    0.00000
   0.55000    0.00000
   0.56000    0.00000
   0.57000    0.00000
   0.58000    0.00000
   0.59000    0.00000
   0.60000    0.00000
   0.61000    0.00000
   0.62000    0.00000
   0.63000    0.00000
   0.64000    0.00000
   0.65000    0.00000
   0.66000    0.00000
   0.67000    0.00000
   0.68000    0.00000
   0.69000    0.00000
   0.70000    0.00000
   0.71000    0.00000
   0.72000    0.00000
   0.73000    0.00000
   0.74000    0.00000
   0.75000    0.00000
   0.76000    0.00000
   0.77000    0.00000
   0.78000    0.00000
   0.79000    0.00000
   0.80000    0.00000
   0.81000    0.00000
   0.82000    0.00000
   0.83000    0.00000
   0.84000    0.00000
   0.85000    0.00000
   0.86000    0.00000
   0.87000    0.00000
   0.88000    0.02960
   0.89000    0.02960
   0.90000    0.02960
   0.91000    0.14800
   0.92000    0.79919
   0.93000    1.50959
   0.94000    3.25598
   0.95000    4.61757
   0.96000    7.10395
   0.97000   10.53753
   0.98000   15.45110
   0.99000   18.29268
   1.00000   21.90386
   1.01000   27.14303
   1.02000   31.02060
   1.03000   32.38219
   1.04000   34.51338
   1.05000   35.81577
   1.06000   38.68695
   1.07000   37.94696
   1.08000   39.98934
   1.09000   39.01255
   1.10000   38.39095
   1.11000   37.20696
   1.12000   37.65096
   1.13000   34.75018
   1.14000   36.61497
   1.15000   35.28297
   1.16000   32.61899
   1.17000   34.15818
   1.18000   31.10940
   1.19000   29.83661
   1.20000   28.20862
   1.21000   30.51740
   1.22000   26.10703
   1.23000   26.34383
   1.24000   26.25503
   1.25000   23.79825
   1.26000   24.12385
   1.27000   23.44305
   1.28000   22.73265
   1.29000   22.61426
   1.30000   22.85105
   1.31000   21.19346
   1.32000   22.64386
   1.33000   21.10466
   1.34000   18.67748
   1.35000   19.21028
   1.36000   19.95027
   1.37000   19.41748
   1.38000   19.59507
   1.39000   18.44068
   1.40000   19.00308
   1.41000   18.97348
   1.42000   17.01989
   1.43000   17.93749
   1.44000   18.61828
   1.45000   18.61828
   1.46000   18.76628
   1.47000   17.16789
   1.48000   19.12148
   1.49000   18.49988
   1.50000   18.20388
   1.51000   19.68387
   1.52000   19.35828
   1.53000   18.61828
   1.54000   18.41108
   1.55000   19.18068
   1.56000   21.10466
   1.57000   18.52948
   1.58000   21.28226
   1.59000   21.07507
   1.60000   19.77267
   1.61000   21.22306
   1.62000   22.99905
   1.63000   23.02865
   1.64000   21.72626
   1.65000   21.28226
   1.66000   25.42624
   1.67000   24.74544
   1.68000   25.57424
   1.69000   26.40303
   1.70000   26.40303
   1.71000   27.82382
   1.72000   29.92541
   1.73000   29.86621
   1.74000   31.90860
   1.75000   32.29339
   1.76000   32.73739
   1.77000   34.69098
   1.78000   35.49017
   1.79000   36.67417
   1.80000   38.15416
   1.81000   38.62775
   1.82000   39.39735
   1.83000   41.38054
   1.84000   42.86053
   1.85000   45.25811
   1.86000   42.71253
   1.87000   45.61331
   1.88000   45.85011
   1.89000   49.69808
   1.90000   49.60928
   1.91000   51.53327
   1.92000   52.74686
   1.93000   53.27966
   1.94000   53.42766
   1.95000   56.74284
   1.96000   56.65404
   1.97000   58.10443
   1.98000   57.80843
   1.99000   61.30121
   2.00000   63.96519
   2.01000   60.35401
   2.02000   60.91641
   2.03000   65.35638
   2.04000   64.37959
   2.05000   68.37556
   2.06000   64.32039
   2.07000   66.95477
   2.08000   67.57637
   2.09000   69.02676
   2.10000   70.86195
   2.11000   68.67156
   2.12000   67.84277
   2.13000   66.03718
   2.14000   66.42197
   2.15000   67.13237
   2.16000   70.15155
   2.17000   67.69477
   2.18000   69.88515
   2.19000   68.81956
   2.20000   67.96117
   2.21000   67.22117
   2.22000   66.24438
   2.23000   67.45797
   2.24000   66.83637
   2.25000   66.42197
   2.26000   66.56997
   2.27000   68.02036
   2.28000   65.26758
   2.29000   67.25077
   2.30000   65.85958
   2.31000   64.20199
   2.32000   66.80677
   2.33000   64.14279
   2.34000   64.34999
   2.35000   65.11958
   2.36000   65.32678
   2.37000   64.67559
   2.38000   66.86597
   2.39000   67.81317
   2.40000   66.51077
   2.41000   65.82998
   2.42000   64.14279
   2.43000   65.97798
   2.44000   67.99076
   2.45000   64.67559
   2.46000   67.78357
   2.47000   66.65877
   2.48000   67.33957
   2.49000   67.99076
