   0.00000    0.00000
   0.01000    0.00000
   0.02000    0.00000
   0.03000    0.00000
   0.04000    0.00000
   0.05000    0.00000
   0.06000    0.00000
   0.07000    0.00000
   0.08000    0.00000
   0.09000    0.00000
   0.10000    0.00000
   0.11000    0.00000
   0.12000    0.00000
   0.13000    0.00000
   0.14000    0.00000
   0.15000    0.00000
   0.16000    0.00000
   0.17000    0.00000
   0.18000    0.00000
   0.19000    0.00000
   0.20000    0.00000
   0.21000    0.00000
   0.22000    0.00000
   0.23000    0.00000
   0.24000    0.00000
   0.25000    0.00000
   0.26000    0.00000
   0.27000    0.00000
   0.28000    0.00000
   0.29000    0.00000
   0.30000    0.00000
   0.31000    0.00000
   0.32000    0.00000
   0.33000    0.00000
   0.34000    0.00000
   0.35000    0.00000
   0.36000    0.00000
   0.37000    0.00000
   0.38000    0.00000
   0.39000    0.00000
   0.40000    0.00000
   0.41000    0.00000
   0.42000    0.00000
   0.43000    0.00000
   0.44000    0.00000
   0.45000    0.00000
   0.46000    0.00000
   0.47000    0.00000
   0.48000    0.00000
   0.49000    0.00000
   0.50000    0.00000
   0.51000    0.00000
   0.52000    0.00000
   0.53000    0.00000
   0.54000    0.00000
   0.55000    0.00000
   0.56000    0.00000
   0.57000    0.00000
   0.58000    0.00000
   0.59000    0.00000
   0.60000    0.00000
   0.61000    0.00000
   0.62000    0.00000
   0.63000    0.00000
   0.64000    0.00000
   0.65000    0.00000
   0.66000    0.00000
   0.67000    0.00000
   0.68000    0.00000
   0.69000    0.00000
   0.70000    0.00000
   0.71000    0.00000
   0.72000    0.00000
   0.73000    0.00000
   0.74000    0.00000
   0.75000    0.00000
   0.76000    0.00000
   0.77000    0.00000
   0.78000    0.00000
   0.79000    0.00000
   0.80000    0.00000
   0.81000    0.00000
   0.82000    0.00000
   0.83000    0.00000
   0.84000    0.00000
   0.85000    0.00000
   0.86000    0.00000
   0.87000    0.00000
   0.88000    0.05920
   0.89000    0.02960
   0.90000    0.17760
   0.91000    0.20720
   0.92000    1.00639
   0.93000    1.62799
   0.94000    3.34478
   0.95000    5.15037
   0.96000    7.22235
   0.97000   10.35993
   0.98000   13.23112
   0.99000   17.90789
   1.00000   22.19986
   1.01000   26.07743
   1.02000   29.65901
   1.03000   31.79020
   1.04000   33.83258
   1.05000   36.49657
   1.06000   39.39735
   1.07000   40.01894
   1.08000   39.90054
   1.09000   38.15416
   1.10000   40.55174
   1.11000   37.94696
   1.12000   37.11816
   1.13000   37.44376
   1.14000   35.49017
   1.15000   35.25337
   1.16000   32.91499
   1.17000   31.79020
   1.18000   30.93180
   1.19000   29.62941
   1.20000   29.09661
   1.21000   28.00142
   1.22000   29.42221
   1.23000   26.25503
   1.24000   26.13663
   1.25000   25.45584
   1.26000   24.65664
   1.27000   25.51504
   1.28000   22.76225
   1.29000   22.52546
   1.30000   21.01587
   1.31000   22.58466
   1.32000   20.09827
   1.33000   20.57187
   1.34000   19.89107
   1.35000   19.32868
   1.36000   20.00947
   1.37000   17.13829
   1.38000   18.08548
   1.39000   18.44068
   1.40000   18.02628
   1.41000   19.03268
   1.42000   17.40469
   1.43000   17.28629
   1.44000   18.14468
   1.45000   18.17428
   1.46000   18.26308
   1.47000   19.15108
   1.48000   18.79588
   1.49000   18.41108
   1.50000   18.26308
   1.51000   17.70069
   1.52000   18.64788
   1.53000   18.85508
   1.54000   19.89107
   1.55000   21.31186
   1.56000   19.80227
   1.57000   19.09188
   1.58000   20.42387
   1.59000   20.09827
   1.60000   20.80867
   1.61000   22.85105
   1.62000   23.11745
   1.63000   22.55506
   1.64000   23.82785
   1.65000   22.58466
   1.66000   24.53824
   1.67000   24.71584
   1.68000   26.04783
   1.69000   27.91262
   1.70000   26.55103
   1.71000   28.14942
   1.72000   32.17499
   1.73000   28.83022
   1.74000   30.33981
   1.75000   30.33981
   1.76000   32.82619
   1.77000   34.27658
   1.78000   37.23656
   1.79000   36.58537
   1.80000   37.29576
   1.81000   38.89415
   1.82000   40.04854
   1.83000   40.67014
   1.84000   40.75894
   1.85000   45.31731
   1.86000   44.51812
   1.87000   44.93251
   1.88000   47.53730
   1.89000   46.38290
   1.90000   50.05328
   1.91000   53.57566
   1.92000   52.74686
   1.93000   52.62846
   1.94000   52.39166
   1.95000   54.52285
   1.96000   55.97324
   1.97000   56.00284
   1.98000   59.05162
   1.99000   59.22922
   2.00000   60.67961
   2.01000   63.10680
   2.02000   63.34359
   2.03000   62.13000
   2.04000   66.12598
   2.05000   67.25077
   2.06000   65.53398
   2.07000   68.64196
   2.08000   69.38196
   2.09000   66.09638
   2.10000   68.58276
   2.11000   68.02036
   2.12000   69.64835
   2.13000   70.92115
   2.14000   71.95714
   2.15000   68.52356
   2.16000   67.63557
   2.17000   69.44116
   2.18000   68.31636
   2.19000   66.00758
   2.20000   65.47478
   2.21000   71.54274
   2.22000   69.32276
   2.23000   67.69477
   2.24000   65.08998
   2.25000   66.33318
   2.26000   67.13237
   2.27000   65.56358
   2.28000   64.64599
   2.29000   64.49799
   2.30000   65.08998
   2.31000   66.80677
   2.32000   65.91878
   2.33000   65.65238
   2.34000   65.97798
   2.35000   63.22520
   2.36000   65.03078
   2.37000   64.14279
   2.38000   66.74757
   2.39000   65.26758
   2.40000   65.23798
   2.41000   63.07720
   2.42000   64.58679
   2.43000   67.66517
   2.44000   68.70116
   2.45000   65.80038
   2.46000   68.19796
   2.47000   66.62917
   2.48000   66.68837
   2.49000   68.49396
