   0.00000    0.00000
   0.01000    0.00000
   0.02000    0.00000
   0.03000    0.00000
   0.04000    0.00000
   0.05000    0.00000
   0.06000    0.00000
   0.07000    0.00000
   0.08000    0.00000
   0.09000    0.00000
   0.10000    0.00000
   0.11000    0.00000
   0.12000    0.00000
   0.13000    0.00000
   0.14000    0.00000
   0.15000    0.00000
   0.16000    0.00000
   0.17000    0.00000
   0.18000    0.00000
   0.19000    0.00000
   0.20000    0.00000
   0.21000    0.00000
   0.22000    0.00000
   0.23000    0.00000
   0.24000    0.00000
   0.25000    0.00000
   0.26000    0.00000
   0.27000    0.00000
   0.28000    0.00000
   0.29000    0.00000
   0.30000    0.00000
   0.31000    0.00000
   0.32000    0.00000
   0.33000    0.00000
   0.34000    0.00000
   0.35000    0.00000
   0.36000    0.00000
   0.37000    0.00000
   0.38000    0.00000
   0.39000    0.00000
   0.40000    0.00000
   0.41000    0.00000
   0.42000    0.00000
   0.43000    0.00000
   0.44000    0.00000
   0.45000    0.00000
   0.46000    0.00000
   0.47000    0.00000
   0.48000    0.00000
   0.49000    0.00000
   0.50000    0.00000
   0.51000    0.00000
   0.52000    0.00000
   0.53000    0.00000
   0.54000    0.00000
   0.55000    0.00000
   0.56000    0.00000
   0.57000    0.00000
   0.58000    0.00000
   0.59000    0.00000
   0.60000    0.00000
   0.61000    0.00000
   0.62000    0.00000
   0.63000    0.00000
   0.64000    0.00000
   0.65000    0.00000
   0.66000    0.00000
   0.67000    0.00000
   0.68000    0.00000
   0.69000    0.00000
   0.70000    0.00000
   0.71000    0.00000
   0.72000    0.00000
   0.73000    0.00000
   0.74000    0.00000
   0.75000    0.00000
   0.76000    0.00000
   0.77000    0.00000
   0.78000    0.00000
   0.79000    0.00000
   0.80000    0.00000
   0.81000    0.00000
   0.82000    0.00000
   0.83000    0.00000
   0.84000    0.00000
   0.85000    0.00000
   0.86000    0.00000
   0.87000    0.00000
   0.88000    0.00000
   0.89000    0.00000
   0.90000    0.17760
   0.91000    0.26640
   0.92000    0.82879
   0.93000    1.53919
   0.94000    2.87118
   0.95000    4.79517
   0.96000    6.95596
   0.97000   11.45513
   0.98000   15.15510
   0.99000   16.84229
   1.00000   23.11745
   1.01000   27.05423
   1.02000   29.03741
   1.03000   31.02060
   1.04000   35.60857
   1.05000   37.20696
   1.06000   36.46697
   1.07000   36.76296
   1.08000   38.45015
   1.09000   41.29174
   1.10000   39.07175
   1.11000   39.04215
   1.12000   36.88136
   1.13000   35.13498
   1.14000   34.36538
   1.15000   36.67417
   1.16000   34.39498
   1.17000   33.92138
   1.18000   31.22780
   1.19000   31.16860
   1.20000   29.24461
   1.21000   28.41582
   1.22000   28.26782
   1.23000   27.43902
   1.24000   26.55103
   1.25000   25.07104
   1.26000   23.82785
   1.27000   23.20625
   1.28000   23.65025
   1.29000   21.69666
   1.30000   21.63746
   1.31000   22.14066
   1.32000   20.24627
   1.33000   19.71347
   1.34000   20.54227
   1.35000   20.39427
   1.36000   19.80227
   1.37000   18.23348
   1.38000   20.12787
   1.39000   18.52948
   1.40000   17.87829
   1.41000   17.64149
   1.42000   16.78309
   1.43000   18.61828
   1.44000   18.76628
   1.45000   20.33507
   1.46000   17.10869
   1.47000   17.25669
   1.48000   18.73668
   1.49000   17.31589
   1.50000   18.55908
   1.51000   17.99668
   1.52000   19.12148
   1.53000   19.53587
   1.54000   17.87829
   1.55000   18.35188
   1.56000   18.88468
   1.57000   20.24627
   1.58000   20.57187
   1.59000   20.39427
   1.60000   20.86787
   1.61000   21.13426
   1.62000   23.14705
   1.63000   22.55506
   1.64000   22.31826
   1.65000   23.47265
   1.66000   23.94625
   1.67000   24.12385
   1.68000   26.49183
   1.69000   27.26143
   1.70000   28.85982
   1.71000   27.82382
   1.72000   29.71821
   1.73000   29.74781
   1.74000   31.10940
   1.75000   32.05659
   1.76000   33.80298
   1.77000   32.82619
   1.78000   33.74378
   1.79000   37.91736
   1.80000   38.36135
   1.81000   39.66375
   1.82000   40.34454
   1.83000   42.80133
   1.84000   41.46933
   1.85000   41.70613
   1.86000   46.11650
   1.87000   45.52451
   1.88000   48.15889
   1.89000   48.89889
   1.90000   49.46128
   1.91000   49.87568
   1.92000   51.62207
   1.93000   53.66446
   1.94000   56.29884
   1.95000   55.73644
   1.96000   56.62444
   1.97000   57.00924
   1.98000   58.48923
   1.99000   60.91641
   2.00000   61.44921
   2.01000   59.91002
   2.02000   63.75799
   2.03000   65.03078
   2.04000   65.77078
   2.05000   67.60597
   2.06000   65.59318
   2.07000   69.61875
   2.08000   68.10916
   2.09000   65.26758
   2.10000   67.87237
   2.11000   67.90197
   2.12000   67.39877
   2.13000   69.23396
   2.14000   68.81956
   2.15000   68.93796
   2.16000   68.64196
   2.17000   68.07956
   2.18000   66.36278
   2.19000   69.44116
   2.20000   69.20436
   2.21000   66.09638
   2.22000   68.55316
   2.23000   69.38196
   2.24000   69.11556
   2.25000   66.27398
   2.26000   65.00118
   2.27000   66.06678
   2.28000   67.13237
   2.29000   65.91878
   2.30000   67.51717
   2.31000   66.30358
   2.32000   67.30997
   2.33000   66.39238
   2.34000   64.02439
   2.35000   64.97158
   2.36000   65.68198
   2.37000   63.99479
   2.38000   64.76439
   2.39000   64.29079
   2.40000   64.97158
   2.41000   67.07317
   2.42000   63.58039
   2.43000   64.76439
   2.44000   65.65238
   2.45000   62.92920
   2.46000   68.61236
   2.47000   69.17476
   2.48000   65.47478
   2.49000   67.84277
