   0.00000    0.00000
   0.01000    0.00000
   0.02000    0.00000
   0.03000    0.00000
   0.04000    0.00000
   0.05000    0.00000
   0.06000    0.00000
   0.07000    0.00000
   0.08000    0.00000
   0.09000    0.00000
   0.10000    0.00000
   0.11000    0.00000
   0.12000    0.00000
   0.13000    0.00000
   0.14000    0.00000
   0.15000    0.00000
   0.16000    0.00000
   0.17000    0.00000
   0.18000    0.00000
   0.19000    0.00000
   0.20000    0.00000
   0.21000    0.00000
   0.22000    0.00000
   0.23000    0.00000
   0.24000    0.00000
   0.25000    0.00000
   0.26000    0.00000
   0.27000    0.00000
   0.28000    0.00000
   0.29000    0.00000
   0.30000    0.00000
   0.31000    0.00000
   0.32000    0.00000
   0.33000    0.00000
   0.34000    0.00000
   0.35000    0.00000
   0.36000    0.00000
   0.37000    0.00000
   0.38000    0.00000
   0.39000    0.00000
   0.40000    0.00000
   0.41000    0.00000
   0.42000    0.00000
   0.43000    0.00000
   0.44000    0.00000
   0.45000    0.00000
   0.46000    0.00000
   0.47000    0.00000
   0.48000    0.00000
   0.49000    0.00000
   0.50000    0.00000
   0.51000    0.00000
   0.52000    0.00000
   0.53000    0.00000
   0.54000    0.00000
   0.55000    0.00000
   0.56000    0.00000
   0.57000    0.00000
   0.58000    0.00000
   0.59000    0.00000
   0.60000    0.00000
   0.61000    0.00000
   0.62000    0.00000
   0.63000    0.00000
   0.64000    0.00000
   0.65000    0.00000
   0.66000    0.00000
   0.67000    0.00000
   0.68000    0.00000
   0.69000    0.00000
   0.70000    0.00000
   0.71000    0.00000
   0.72000    0.00000
   0.73000    0.00000
   0.74000    0.00000
   0.75000    0.00000
   0.76000    0.00000
   0.77000    0.00000
   0.78000    0.00000
   0.79000    0.00000
   0.80000    0.00000
   0.81000    0.00000
   0.82000    0.00000
   0.83000    0.00000
   0.84000    0.00000
   0.85000    0.00000
   0.86000    0.00000
   0.87000    0.00000
   0.88000    0.00000
   0.89000    0.00000
   0.90000    1.73241
   0.91000    2.84348
   0.92000    6.67541
   0.93000   11.71981
   0.94000   26.61768
   0.95000   45.10878
   0.96000   68.13716
   0.97000   94.60520
   0.98000  120.81830
   0.99000  144.67966
   1.00000  180.12019
   1.01000  199.02843
   1.02000  221.32946
   1.03000  236.62916
   1.04000  267.94834
   1.05000  260.29081
   1.06000  263.24605
   1.07000  270.13548
   1.08000  258.87079
   1.09000  264.42038
   1.10000  262.85349
   1.11000  250.46196
   1.12000  228.55876
   1.13000  223.78307
   1.14000  217.51752
   1.15000  211.82246
   1.16000  197.42503
   1.17000  200.64938
   1.18000  179.47861
   1.19000  174.82141
   1.20000  163.58811
   1.21000  146.71151
   1.22000  151.93143
   1.23000  147.14410
   1.24000  132.36821
   1.25000  125.89434
   1.26000  120.80572
   1.27000  124.69967
   1.28000  105.79689
   1.29000  102.75016
   1.30000   98.25787
   1.31000  100.60862
   1.32000   93.96524
   1.33000   89.89354
   1.34000   89.30899
   1.35000   79.84707
   1.36000   82.28406
   1.37000   80.56916
   1.38000   82.47492
   1.39000   81.70249
   1.40000   76.05262
   1.41000   74.15124
   1.42000   71.83026
   1.43000   68.43276
   1.44000   75.42928
   1.45000   67.67555
   1.46000   71.36086
   1.47000   65.32081
   1.48000   64.10983
   1.49000   68.42307
   1.50000   70.02973
   1.51000   66.31812
   1.52000   70.86594
   1.53000   64.37902
   1.54000   63.67485
   1.55000   64.70161
   1.56000   61.74393
   1.57000   65.85241
   1.58000   68.22605
   1.59000   67.55843
   1.60000   65.89556
   1.61000   67.14554
   1.62000   64.43873
   1.63000   64.28396
   1.64000   67.68368
   1.65000   69.12712
   1.66000   66.93437
   1.67000   70.95124
   1.68000   69.93001
   1.69000   73.98083
   1.70000   77.67281
   1.71000   75.48497
   1.72000   78.82735
   1.73000   79.41295
   1.74000   81.44977
   1.75000   84.76142
   1.76000   81.28070
   1.77000   81.89038
   1.78000   86.17153
   1.79000   88.42525
   1.80000   91.59980
   1.81000   94.83403
   1.82000   93.37112
   1.83000  100.15673
   1.84000   98.92707
   1.85000  103.43827
   1.86000  104.51897
   1.87000  104.81404
   1.88000  112.88536
   1.89000  108.72041
   1.90000  115.01757
   1.91000  113.05647
   1.92000  111.81177
   1.93000  114.32214
   1.94000  112.13396
   1.95000  118.68712
   1.96000  111.77648
   1.97000  124.43250
   1.98000  115.34820
   1.99000  116.10506
   2.00000  119.88113
   2.01000  121.90631
   2.02000  123.53189
   2.03000  122.94691
   2.04000  124.86692
   2.05000  124.77764
   2.06000  124.62685
   2.07000  120.17706
   2.08000  121.46283
   2.09000  126.35307
   2.10000  122.57074
   2.11000  120.42419
   2.12000  120.90747
   2.13000  120.65828
   2.14000  119.99482
   2.15000  119.50231
   2.16000  117.26949
   2.17000  117.60867
   2.18000  113.30459
   2.19000  114.08174
   2.20000  111.73657
   2.21000  110.87064
   2.22000  110.39864
   2.23000  109.65704
   2.24000  106.95024
   2.25000  103.89572
   2.26000   99.65377
   2.27000  106.22854
   2.28000  101.72402
   2.29000  102.23890
   2.30000   96.62465
   2.31000   97.59775
   2.32000   99.24839
   2.33000   99.66618
   2.34000   97.44229
   2.35000   94.17615
   2.36000   90.80400
   2.37000   92.47304
   2.38000   88.78341
   2.39000   92.37120
   2.40000   88.94926
   2.41000   94.98563
   2.42000   91.58682
   2.43000   89.94860
   2.44000   88.18323
   2.45000   87.82385
   2.46000   89.56289
   2.47000   86.86526
   2.48000   85.63574
   2.49000   85.63467
