   0.00000    0.00000
   0.01000    0.00000
   0.02000    0.00000
   0.03000    0.00000
   0.04000    0.00000
   0.05000    0.00000
   0.06000    0.00000
   0.07000    0.00000
   0.08000    0.00000
   0.09000    0.00000
   0.10000    0.00000
   0.11000    0.00000
   0.12000    0.00000
   0.13000    0.00000
   0.14000    0.00000
   0.15000    0.00000
   0.16000    0.00000
   0.17000    0.00000
   0.18000    0.00000
   0.19000    0.00000
   0.20000    0.00000
   0.21000    0.00000
   0.22000    0.00000
   0.23000    0.00000
   0.24000    0.00000
   0.25000    0.00000
   0.26000    0.00000
   0.27000    0.00000
   0.28000    0.00000
   0.29000    0.00000
   0.30000    0.00000
   0.31000    0.00000
   0.32000    0.00000
   0.33000    0.00000
   0.34000    0.00000
   0.35000    0.00000
   0.36000    0.00000
   0.37000    0.00000
   0.38000    0.00000
   0.39000    0.00000
   0.40000    0.00000
   0.41000    0.00000
   0.42000    0.00000
   0.43000    0.00000
   0.44000    0.00000
   0.45000    0.00000
   0.46000    0.00000
   0.47000    0.00000
   0.48000    0.00000
   0.49000    0.00000
   0.50000    0.00000
   0.51000    0.00000
   0.52000    0.00000
   0.53000    0.00000
   0.54000    0.00000
   0.55000    0.00000
   0.56000    0.00000
   0.57000    0.00000
   0.58000    0.00000
   0.59000    0.00000
   0.60000    0.00000
   0.61000    0.00000
   0.62000    0.00000
   0.63000    0.00000
   0.64000    0.00000
   0.65000    0.00000
   0.66000    0.00000
   0.67000    0.00000
   0.68000    0.00000
   0.69000    0.00000
   0.70000    0.00000
   0.71000    0.00000
   0.72000    0.00000
   0.73000    0.00000
   0.74000    0.00000
   0.75000    0.00000
   0.76000    0.00000
   0.77000    0.00000
   0.78000    0.00000
   0.79000    0.00000
   0.80000    0.00000
   0.81000    0.00000
   0.82000    0.00000
   0.83000    0.00000
   0.84000    0.00000
   0.85000    0.00000
   0.86000    0.00000
   0.87000    0.00000
   0.88000    0.00000
   0.89000    0.00000
   0.90000    0.08880
   0.91000    0.38480
   0.92000    0.74000
   0.93000    1.56879
   0.94000    2.98958
   0.95000    5.65356
   0.96000    7.37035
   0.97000   10.68553
   0.98000   15.24390
   0.99000   19.12148
   1.00000   23.56145
   1.01000   24.89344
   1.02000   29.33341
   1.03000   32.02700
   1.04000   34.15818
   1.05000   34.12858
   1.06000   38.86455
   1.07000   39.93014
   1.08000   38.03576
   1.09000   38.77575
   1.10000   36.88136
   1.11000   40.07814
   1.12000   36.70377
   1.13000   37.44376
   1.14000   34.48378
   1.15000   33.83258
   1.16000   34.66138
   1.17000   33.41819
   1.18000   31.96780
   1.19000   31.40540
   1.20000   29.15581
   1.21000   28.00142
   1.22000   28.00142
   1.23000   26.34383
   1.24000   25.81103
   1.25000   26.55103
   1.26000   24.95264
   1.27000   23.26545
   1.28000   23.29505
   1.29000   20.36467
   1.30000   22.22946
   1.31000   21.34146
   1.32000   21.40066
   1.33000   20.57187
   1.34000   19.92067
   1.35000   19.68387
   1.36000   18.35188
   1.37000   18.23348
   1.38000   20.24627
   1.39000   19.56547
   1.40000   18.47028
   1.41000   18.29268
   1.42000   18.94388
   1.43000   18.49988
   1.44000   18.85508
   1.45000   17.46389
   1.46000   17.99668
   1.47000   17.43429
   1.48000   17.13829
   1.49000   18.64788
   1.50000   18.08548
   1.51000   17.81909
   1.52000   17.61189
   1.53000   19.06228
   1.54000   19.35828
   1.55000   17.19749
   1.56000   19.38788
   1.57000   18.82548
   1.58000   21.54866
   1.59000   20.80867
   1.60000   20.48307
   1.61000   22.58466
   1.62000   21.96306
   1.63000   21.40066
   1.64000   23.91665
   1.65000   23.82785
   1.66000   25.42624
   1.67000   25.13024
   1.68000   27.14303
   1.69000   28.26782
   1.70000   28.44542
   1.71000   27.37982
   1.72000   30.25101
   1.73000   29.98461
   1.74000   30.93180
   1.75000   31.64220
   1.76000   33.06299
   1.77000   32.44139
   1.78000   35.87497
   1.79000   34.86858
   1.80000   38.68695
   1.81000   39.16055
   1.82000   39.72295
   1.83000   41.58773
   1.84000   43.00852
   1.85000   45.25811
   1.86000   43.00852
   1.87000   45.67251
   1.88000   47.03410
   1.89000   49.55008
   1.90000   51.08927
   1.91000   51.82927
   1.92000   51.94767
   1.93000   55.14445
   1.94000   55.38125
   1.95000   55.11485
   1.96000   56.09164
   1.97000   55.82524
   1.98000   61.21241
   1.99000   58.04523
   2.00000   64.79399
   2.01000   60.50201
   2.02000   62.60360
   2.03000   62.92920
   2.04000   63.10680
   2.05000   66.83637
   2.06000   66.03718
   2.07000   66.42197
   2.08000   69.47076
   2.09000   72.84513
   2.10000   66.62917
   2.11000   66.56997
   2.12000   66.89557
   2.13000   65.50438
   2.14000   67.81317
   2.15000   69.52996
   2.16000   66.51077
   2.17000   66.65877
   2.18000   67.36917
   2.19000   68.40516
   2.20000   68.19796
   2.21000   68.43476
   2.22000   68.70116
   2.23000   71.15794
   2.24000   64.52759
   2.25000   66.54037
   2.26000   66.89557
   2.27000   67.60597
   2.28000   64.58679
   2.29000   68.52356
   2.30000   67.54677
   2.31000   62.92920
   2.32000   65.91878
   2.33000   66.83637
   2.34000   64.43879
   2.35000   64.11319
   2.36000   67.30997
   2.37000   64.05399
   2.38000   68.10916
   2.39000   64.05399
   2.40000   65.71158
   2.41000   66.51077
   2.42000   64.58679
   2.43000   66.24438
   2.44000   67.39877
   2.45000   66.42197
   2.46000   66.83637
   2.47000   66.15558
   2.48000   66.95477
   2.49000   67.99076
