   0.00000    0.00000
   0.01000    0.00000
   0.02000    0.00000
   0.03000    0.00000
   0.04000    0.00000
   0.05000    0.00000
   0.06000    0.00000
   0.07000    0.00000
   0.08000    0.00000
   0.09000    0.00000
   0.10000    0.00000
   0.11000    0.00000
   0.12000    0.00000
   0.13000    0.00000
   0.14000    0.00000
   0.15000    0.00000
   0.16000    0.00000
   0.17000    0.00000
   0.18000    0.00000
   0.19000    0.00000
   0.20000    0.00000
   0.21000    0.00000
   0.22000    0.00000
   0.23000    0.00000
   0.24000    0.00000
   0.25000    0.00000
   0.26000    0.00000
   0.27000    0.00000
   0.28000    0.00000
   0.29000    0.00000
   0.30000    0.00000
   0.31000    0.00000
   0.32000    0.00000
   0.33000    0.00000
   0.34000    0.00000
   0.35000    0.00000
   0.36000    0.00000
   0.37000    0.00000
   0.38000    0.00000
   0.39000    0.00000
   0.40000    0.00000
   0.41000    0.00000
   0.42000    0.00000
   0.43000    0.00000
   0.44000    0.00000
   0.45000    0.00000
   0.46000    0.00000
   0.47000    0.00000
   0.48000    0.00000
   0.49000    0.00000
   0.50000    0.00000
   0.51000    0.00000
   0.52000    0.00000
   0.53000    0.00000
   0.54000    0.00000
   0.55000    0.00000
   0.56000    0.00000
   0.57000    0.00000
   0.58000    0.00000
   0.59000    0.00000
   0.60000    0.00000
   0.61000    0.00000
   0.62000    0.00000
   0.63000    0.00000
   0.64000    0.00000
   0.65000    0.00000
   0.66000    0.00000
   0.67000    0.00000
   0.68000    0.00000
   0.69000    0.00000
   0.70000    0.00000
   0.71000    0.00000
   0.72000    0.00000
   0.73000    0.00000
   0.74000    0.00000
   0.75000    0.00000
   0.76000    0.00000
   0.77000    0.00000
   0.78000    0.00000
   0.79000    0.00000
   0.80000    0.00000
   0.81000    0.00000
   0.82000    0.00000
   0.83000    0.00000
   0.84000    0.00000
   0.85000    0.00000
   0.86000    0.00000
   0.87000    0.00000
   0.88000    0.00000
   0.89000    0.00000
   0.90000    0.17760
   0.91000    0.47360
   0.92000    1.24319
   0.93000    3.07838
   0.94000    5.09117
   0.95000    8.52475
   0.96000   14.08951
   0.97000   20.54227
   0.98000   30.54700
   0.99000   42.97892
   1.00000   53.87166
   1.01000   63.04760
   1.02000   72.93393
   1.03000   77.49230
   1.04000   80.86668
   1.05000   83.05707
   1.06000   84.30026
   1.07000   82.22827
   1.08000   75.71632
   1.09000   84.30026
   1.10000   74.05873
   1.11000   68.90836
   1.12000   69.20436
   1.13000   65.82998
   1.14000   61.50841
   1.15000   58.19323
   1.16000   55.88444
   1.17000   53.04286
   1.18000   50.26048
   1.19000   48.42529
   1.20000   47.41890
   1.21000   44.57731
   1.22000   43.57092
   1.23000   42.32773
   1.24000   41.08454
   1.25000   42.32773
   1.26000   37.94696
   1.27000   36.70377
   1.28000   39.36775
   1.29000   36.17097
   1.30000   35.51977
   1.31000   36.70377
   1.32000   40.13734
   1.33000   35.87497
   1.34000   38.53895
   1.35000   35.99337
   1.36000   39.19015
   1.37000   37.71016
   1.38000   39.66375
   1.39000   40.72934
   1.40000   43.57092
   1.41000   44.57731
   1.42000   50.14208
   1.43000   49.78688
   1.44000   56.41724
   1.45000   55.52924
   1.46000   57.24603
   1.47000   55.94364
   1.48000   55.94364
   1.49000   56.18044
   1.50000   52.92446
   1.51000   53.93085
   1.52000   50.31968
   1.53000   47.89249
   1.54000   45.99811
   1.55000   47.30050
   1.56000   43.63012
   1.57000   47.12290
   1.58000   47.06370
   1.59000   46.47170
   1.60000   45.76131
   1.61000   47.41890
   1.62000   45.52451
   1.63000   46.53090
   1.64000   48.12929
   1.65000   46.17570
   1.66000   46.23490
   1.67000   48.24769
   1.68000   51.74047
   1.69000   54.04925
   1.70000   57.36443
   1.71000   54.04925
   1.72000   58.37083
   1.73000   63.34359
   1.74000   64.88278
   1.75000   67.66517
   1.76000   71.69074
   1.77000   76.84111
   1.78000   78.49870
   1.79000   76.95951
   1.80000   80.15629
   1.81000   82.46507
   1.82000   78.02510
   1.83000   75.71632
   1.84000   80.92588
   1.85000   83.29387
   1.86000   82.76107
   1.87000   84.06346
   1.88000   82.05067
   1.89000   84.95146
   1.90000   83.53067
   1.91000   86.84584
   1.92000   83.47147
   1.93000   88.56263
   1.94000   90.98982
   1.95000   97.38338
   1.96000   96.08099
   1.97000  101.40895
   1.98000  102.35614
   1.99000  105.49372
   2.00000  108.33531
   2.01000  114.96566
   2.02000  112.65688
   2.03000  117.33365
   2.04000  122.54322
   2.05000  125.79919
   2.06000  126.21359
   2.07000  123.66801
   2.08000  128.69998
   2.09000  129.88397
   2.10000  125.32560
   2.11000  130.29837
   2.12000  128.58158
   2.13000  123.13521
   2.14000  124.49680
   2.15000  122.95761
   2.16000  122.89841
   2.17000  120.11603
   2.18000  123.78641
   2.19000  123.90481
   2.20000  122.36562
   2.21000  125.38480
   2.22000  128.58158
   2.23000  129.94317
   2.24000  133.79114
   2.25000  136.15913
   2.26000  141.19110
   2.27000  145.86787
   2.28000  161.67417
   2.29000  160.84537
   2.30000  160.19417
   2.31000  168.60052
   2.32000  164.10135
   2.33000  150.84063
   2.34000  151.49183
   2.35000  151.43263
   2.36000  146.99266
   2.37000  141.36870
   2.38000  143.20388
   2.39000  144.03268
   2.40000  138.88231
   2.41000  134.91594
   2.42000  145.51267
   2.43000  142.78949
   2.44000  143.55908
   2.45000  146.04547
   2.46000  149.89344
   2.47000  150.60384
   2.48000  155.10301
   2.49000  163.62775
