   0.00000    0.00000
   0.01000    0.00000
   0.02000    0.00000
   0.03000    0.00000
   0.04000    0.00000
   0.05000    0.00000
   0.06000    0.00000
   0.07000    0.00000
   0.08000    0.00000
   0.09000    0.00000
   0.10000    0.00000
   0.11000    0.00000
   0.12000    0.00000
   0.13000    0.00000
   0.14000    0.00000
   0.15000    0.00000
   0.16000    0.00000
   0.17000    0.00000
   0.18000    0.00000
   0.19000    0.00000
   0.20000    0.00000
   0.21000    0.00000
   0.22000    0.00000
   0.23000    0.00000
   0.24000    0.00000
   0.25000    0.00000
   0.26000    0.00000
   0.27000    0.00000
   0.28000    0.00000
   0.29000    0.00000
   0.30000    0.00000
   0.31000    0.00000
   0.32000    0.00000
   0.33000    0.00000
   0.34000    0.00000
   0.35000    0.00000
   0.36000    0.00000
   0.37000    0.00000
   0.38000    0.00000
   0.39000    0.00000
   0.40000    0.00000
   0.41000    0.00000
   0.42000    0.00000
   0.43000    0.00000
   0.44000    0.00000
   0.45000    0.00000
   0.46000    0.00000
   0.47000    0.00000
   0.48000    0.00000
   0.49000    0.00000
   0.50000    0.00000
   0.51000    0.00000
   0.52000    0.00000
   0.53000    0.00000
   0.54000    0.00000
   0.55000    0.00000
   0.56000    0.00000
   0.57000    0.00000
   0.58000    0.00000
   0.59000    0.00000
   0.60000    0.00000
   0.61000    0.00000
   0.62000    0.00000
   0.63000    0.00000
   0.64000    0.00000
   0.65000    0.00000
   0.66000    0.00000
   0.67000    0.00000
   0.68000    0.00000
   0.69000    0.00000
   0.70000    0.00000
   0.71000    0.00000
   0.72000    0.00000
   0.73000    0.00000
   0.74000    0.00000
   0.75000    0.00000
   0.76000    0.00000
   0.77000    0.00000
   0.78000    0.00000
   0.79000    0.00000
   0.80000    0.00000
   0.81000    0.10221
   0.82000    0.02044
   0.83000    0.08177
   0.84000    0.16353
   0.85000    0.20442
   0.86000    0.26574
   0.87000    0.51104
   0.88000    0.77678
   0.89000    1.06296
   0.90000    0.94031
   0.91000    1.53312
   0.92000    1.51267
   0.93000    1.45135
   0.94000    1.75797
   0.95000    2.06460
   0.96000    2.14636
   0.97000    2.39166
   0.98000    2.90270
   0.99000    3.04579
   1.00000    2.90270
   1.01000    2.88226
   1.02000    3.18888
   1.03000    3.76124
   1.04000    3.37285
   1.05000    4.04742
   1.06000    3.53639
   1.07000    3.92478
   1.08000    3.39330
   1.09000    3.41374
   1.10000    4.53802
   1.11000    3.84301
   1.12000    4.29272
   1.13000    3.88389
   1.14000    4.04742
   1.15000    3.94522
   1.16000    4.12919
   1.17000    4.29272
   1.18000    4.57890
   1.19000    4.80376
   1.20000    4.51758
   1.21000    4.86509
   1.22000    3.80213
   1.23000    4.49714
   1.24000    4.55846
   1.25000    4.27228
   1.26000    4.61979
   1.27000    5.02862
   1.28000    4.92641
   1.29000    4.29272
   1.30000    4.51758
   1.31000    4.61979
   1.32000    4.84464
   1.33000    4.59935
   1.34000    4.88553
   1.35000    4.66067
   1.36000    5.45789
   1.37000    5.37612
   1.38000    4.86509
   1.39000    4.94685
   1.40000    5.27392
   1.41000    5.02862
   1.42000    5.08994
   1.43000    5.66231
   1.44000    5.23303
   1.45000    4.90597
   1.46000    5.43745
   1.47000    5.82584
   1.48000    5.06950
   1.49000    5.47833
   1.50000    5.35568
   1.51000    5.68275
   1.52000    6.21423
   1.53000    5.80540
   1.54000    6.07114
   1.55000    5.49877
   1.56000    5.76451
   1.57000    6.07114
   1.58000    6.21423
   1.59000    6.45953
   1.60000    6.35732
   1.61000    6.82747
   1.62000    6.43908
   1.63000    6.17334
   1.64000    6.62306
   1.65000    7.05233
   1.66000    6.56173
   1.67000    7.46116
   1.68000    6.15290
   1.69000    6.60262
   1.70000    6.78659
   1.71000    7.58381
   1.72000    7.13410
   1.73000    7.27719
   1.74000    6.90924
   1.75000    8.95339
   1.76000    7.54293
   1.77000    7.33851
   1.78000    8.50368
   1.79000    7.82911
   1.80000    8.40147
   1.81000    7.99264
   1.82000    7.82911
   1.83000    8.40147
   1.84000    8.21750
   1.85000    8.64677
   1.86000    9.46443
   1.87000    9.46443
   1.88000    8.93295
   1.89000    8.48324
   1.90000    9.28046
   1.91000    9.03516
   1.92000    9.56664
   1.93000    9.15781
   1.94000    9.64841
   1.95000    8.66721
   1.96000    9.60752
   1.97000    9.89370
   1.98000   10.60916
   1.99000    8.85119
   2.00000    9.79150
   2.01000   10.36386
   2.02000    9.75061
   2.03000    9.87326
   2.04000   10.67048
   2.05000   10.73181
   2.06000   10.09812
   2.07000   11.03843
   2.08000   11.26329
   2.09000   10.89534
   2.10000   11.50859
   2.11000   12.73508
   2.12000   11.65168
   2.13000   10.09812
   2.14000   12.06051
   2.15000   11.32461
   2.16000   11.05887
   2.17000   11.65168
   2.18000   11.09975
   2.19000   12.36713
   2.20000   12.73508
   2.21000   11.97874
   2.22000   12.26492
   2.23000   11.65168
   2.24000   12.44890
   2.25000   12.59199
   2.26000   11.85609
   2.27000   13.51186
   2.28000   14.14554
   2.29000   13.02126
   2.30000   12.24448
   2.31000   13.12347
   2.32000   13.18479
   2.33000   13.10303
   2.34000   14.12510
   2.35000   14.14554
   2.36000   13.73671
   2.37000   13.75715
   2.38000   15.12674
   2.39000   15.31071
   2.40000   14.32952
   2.41000   13.61406
   2.42000   13.77760
   2.43000   15.20850
   2.44000   15.90352
   2.45000   14.65658
   2.46000   15.78087
   2.47000   15.08585
   2.48000   15.12674
   2.49000   15.33115
   2.50000   16.47588
   2.51000   16.41455
   2.52000   16.55765
   2.53000   15.90352
   2.54000   16.27146
   2.55000   15.12674
   2.56000   17.17089
   2.57000   16.96648
   2.58000   16.68029
   2.59000   16.53720
   2.60000   17.08913
   2.61000   17.13001
   2.62000   17.43663
   2.63000   17.06868
   2.64000   18.00899
   2.65000   17.08913
   2.66000   17.31398
   2.67000   17.10957
   2.68000   17.23222
   2.69000   18.00899
   2.70000   19.09240
   2.71000   18.60180
   2.72000   19.07195
   2.73000   17.66149
   2.74000   19.03107
   2.75000   18.62224
   2.76000   19.56255
   2.77000   19.95094
   2.78000   20.31889
   2.79000   20.03271
   2.80000   19.19460
   2.81000   20.85037
   2.82000   18.92886
   2.83000   18.68357
   2.84000   20.19624
   2.85000   19.29681
   2.86000   20.42110
   2.87000   20.50286
   2.88000   22.17907
   2.89000   20.64595
   2.90000   20.85037
   2.91000   20.46198
   2.92000   21.95421
   2.93000   21.46361
   2.94000   21.34096
   2.95000   21.30008
   2.96000   23.22159
   2.97000   21.77024
   2.98000   22.13818
   2.99000   22.60834
   3.00000   21.30008
   3.01000   22.19951
   3.02000   22.89452
   3.03000   22.73099
   3.04000   23.44644
   3.05000   21.87244
   3.06000   23.93704
   3.07000   21.68847
   3.08000   23.13982
   3.09000   24.55029
   3.10000   24.79558
   3.11000   25.61325
   3.12000   25.81766
   3.13000   24.65249
   3.14000   24.73426
   3.15000   24.28455
   3.16000   25.61325
   3.17000   26.63532
   3.18000   26.41047
   3.19000   25.75634
   3.20000   25.59280
   3.21000   26.39002
   3.22000   25.12265
   3.23000   25.77678
   3.24000   26.75797
   3.25000   26.10384
   3.26000   26.28782
   3.27000   26.90106
   3.28000   26.45135
   3.29000   26.73753
   3.30000   27.06460
   3.31000   27.06460
   3.32000   26.32870
   3.33000   26.67621
   3.34000   27.69828
   3.35000   27.71872
   3.36000   27.78005
   3.37000   27.57563
   3.38000   28.78168
   3.39000   29.39493
   3.40000   29.74244
   3.41000   29.45626
   3.42000   29.02698
   3.43000   27.90270
   3.44000   29.53802
   3.45000   29.70155
   3.46000   29.74244
   3.47000   30.72363
   3.48000   31.39820
   3.49000   31.07114
