   0.00000    0.00000
   0.01000    0.00000
   0.02000    0.00000
   0.03000    0.00000
   0.04000    0.00000
   0.05000    0.00000
   0.06000    0.00000
   0.07000    0.00000
   0.08000    0.00000
   0.09000    0.00000
   0.10000    0.00000
   0.11000    0.00000
   0.12000    0.00000
   0.13000    0.00000
   0.14000    0.00000
   0.15000    0.00000
   0.16000    0.00000
   0.17000    0.00000
   0.18000    0.00000
   0.19000    0.00000
   0.20000    0.00000
   0.21000    0.00000
   0.22000    0.00000
   0.23000    0.00000
   0.24000    0.00000
   0.25000    0.00000
   0.26000    0.00000
   0.27000    0.00000
   0.28000    0.00000
   0.29000    0.00000
   0.30000    0.00000
   0.31000    0.00000
   0.32000    0.00000
   0.33000    0.00000
   0.34000    0.00000
   0.35000    0.00000
   0.36000    0.00000
   0.37000    0.00000
   0.38000    0.00000
   0.39000    0.00000
   0.40000    0.00000
   0.41000    0.00000
   0.42000    0.00000
   0.43000    0.00000
   0.44000    0.00000
   0.45000    0.00000
   0.46000    0.00000
   0.47000    0.00000
   0.48000    0.00000
   0.49000    0.00000
   0.50000    0.00000
   0.51000    0.00000
   0.52000    0.00000
   0.53000    0.00000
   0.54000    0.00000
   0.55000    0.00000
   0.56000    0.00000
   0.57000    0.00000
   0.58000    0.00000
   0.59000    0.00000
   0.60000    0.00000
   0.61000    0.00000
   0.62000    0.00000
   0.63000    0.00000
   0.64000    0.00000
   0.65000    0.00000
   0.66000    0.00000
   0.67000    0.00000
   0.68000    0.00000
   0.69000    0.00000
   0.70000    0.00000
   0.71000    0.00000
   0.72000    0.00000
   0.73000    0.00000
   0.74000    0.00000
   0.75000    0.00000
   0.76000    0.00000
   0.77000    0.00000
   0.78000    0.00000
   0.79000    1.30240
   0.80000    1.26417
   0.81000    1.22585
   0.82000    2.42201
   0.83000    5.90913
   0.84000    6.86886
   0.85000   19.11106
   0.86000   15.40784
   0.87000   31.11289
   0.88000   29.38579
   0.89000   46.19562
   0.90000   37.17233
   0.91000   55.99235
   0.92000   57.66479
   0.93000   70.47385
   0.94000   93.73854
   0.95000   89.23164
   0.96000  121.87539
   0.97000   90.87032
   0.98000  108.39356
   0.99000  101.18146
   1.00000  124.41265
   1.01000  124.47152
   1.02000  122.05411
   1.03000  121.89207
   1.04000  125.55758
   1.05000  112.16572
   1.06000  143.31518
   1.07000  132.23278
   1.08000  118.49452
   1.09000  144.39864
   1.10000  124.37796
   1.11000  122.13929
   1.12000  110.23628
   1.13000  116.57636
   1.14000  129.55349
   1.15000  104.57321
   1.16000  123.89829
   1.17000  115.88317
   1.18000  129.08989
   1.19000  108.50342
   1.20000  122.53543
   1.21000  125.48204
   1.22000  130.10717
   1.23000  115.03870
   1.24000  122.74641
   1.25000  110.33133
   1.26000  107.03826
   1.27000  104.92201
   1.28000  119.62722
   1.29000  114.37921
   1.30000   99.11081
   1.31000  109.48022
   1.32000  111.55018
   1.33000  111.27481
   1.34000  101.46505
   1.35000  104.01355
   1.36000  109.96165
   1.37000  100.51457
   1.38000  120.88545
   1.39000   94.30502
   1.40000  100.86857
   1.41000  103.05297
   1.42000  105.68266
   1.43000   96.63144
   1.44000  103.53549
   1.45000  106.76151
   1.46000  106.09145
   1.47000  103.48289
   1.48000   93.95277
   1.49000   99.65594
   1.50000  109.15455
   1.51000   93.82295
   1.52000  107.74196
   1.53000  103.51336
   1.54000  102.23943
   1.55000   98.86618
   1.56000   97.58140
   1.57000  107.89079
   1.58000  106.83853
   1.59000   92.34289
   1.60000  101.64414
   1.61000  102.64057
   1.62000   97.90868
   1.63000   99.79407
   1.64000   97.66449
   1.65000   96.49986
   1.66000  109.53578
   1.67000   98.57329
   1.68000  102.29847
   1.69000   94.54154
   1.70000   98.52791
   1.71000  102.91323
   1.72000   98.96033
   1.73000  101.10883
   1.74000   98.05200
   1.75000   93.21561
   1.76000   92.40692
   1.77000   95.54045
   1.78000   95.50975
   1.79000  100.53205
   1.80000   98.64489
   1.81000   99.30833
   1.82000   91.83652
   1.83000  105.90505
   1.84000   98.75785
   1.85000   93.38468
   1.86000   99.71265
   1.87000   95.13660
   1.88000   98.72448
   1.89000   99.95702
   1.90000   93.26624
   1.91000  100.32151
   1.92000   93.57708
   1.93000   96.27454
   1.94000  100.70650
   1.95000  101.19209
   1.96000   95.93768
   1.97000   97.45182
   1.98000   95.00408
   1.99000  104.12582
   2.00000  100.43483
   2.01000  104.27718
   2.02000   95.88606
   2.03000   96.30799
   2.04000   97.11844
   2.05000   94.42734
   2.06000  106.14158
   2.07000  110.84582
   2.08000  102.28077
   2.09000   99.41031
   2.10000   95.72148
   2.11000  104.49049
   2.12000  100.45425
   2.13000  105.75480
   2.14000  109.39533
   2.15000  104.17884
   2.16000   99.89257
   2.17000   97.58506
   2.18000  100.12709
   2.19000  101.40588
   2.20000   99.48539
   2.21000  100.25456
   2.22000  102.79088
   2.23000   94.69951
   2.24000  101.30074
   2.25000   94.96148
   2.26000  105.41515
   2.27000  107.02419
   2.28000   96.52757
   2.29000  101.57346
   2.30000  103.00718
   2.31000   96.18279
   2.32000   94.59732
   2.33000  102.32239
   2.34000  107.38896
   2.35000  105.29791
   2.36000  102.05647
   2.37000   97.16053
   2.38000   96.51231
   2.39000  101.24700
   2.40000  103.23746
   2.41000   97.73750
   2.42000   94.01266
   2.43000  104.14176
   2.44000   99.59307
   2.45000  100.00113
   2.46000  103.89352
   2.47000  101.73193
   2.48000   97.46164
   2.49000   93.52673
   2.50000  100.07181
   2.51000  100.83484
   2.52000  102.59525
   2.53000  105.34720
   2.54000   95.94471
   2.55000   97.94304
   2.56000   95.43352
   2.57000  100.60873
   2.58000   99.58792
   2.59000  102.80604
   2.60000  101.07230
   2.61000   93.96574
   2.62000   99.51358
   2.63000  101.96218
   2.64000  100.47269
   2.65000   95.76958
   2.66000  101.72153
   2.67000  100.50431
   2.68000   98.98175
   2.69000   94.63394
   2.70000  102.96275
   2.71000  106.87680
   2.72000   99.36605
   2.73000   97.88845
   2.74000  103.36711
   2.75000   99.71123
   2.76000  101.32980
   2.77000   99.95757
   2.78000  100.18936
   2.79000   99.05771
   2.80000  100.93784
   2.81000   97.96334
   2.82000  100.94868
   2.83000   98.51046
   2.84000  103.77020
   2.85000   92.22210
   2.86000   97.74022
   2.87000   98.24120
   2.88000  100.20404
   2.89000   97.47929
   2.90000   96.81053
   2.91000  102.49725
   2.92000  102.73593
   2.93000  104.60338
   2.94000   99.36991
   2.95000   97.94770
   2.96000   98.30468
   2.97000   97.27188
   2.98000  101.02976
   2.99000  102.26406
   3.00000   99.04272
   3.01000  101.52846
   3.02000  100.23473
   3.03000   97.54093
   3.04000   99.01823
   3.05000  104.40235
   3.06000   97.89690
   3.07000   93.37428
   3.08000  101.86462
   3.09000  101.71232
   3.10000   96.81824
   3.11000   97.96426
   3.12000  103.61410
   3.13000  101.61796
   3.14000  105.26887
   3.15000   97.87460
   3.16000  104.98742
   3.17000   98.90706
   3.18000   98.76545
   3.19000   97.43129
   3.20000   98.57840
   3.21000  100.48387
   3.22000   98.59790
   3.23000   97.83295
   3.24000   99.79968
   3.25000  101.02741
   3.26000  102.40359
   3.27000   99.95851
   3.28000   97.90653
   3.29000  101.73051
   3.30000   99.33718
   3.31000   96.80428
   3.32000  104.33618
   3.33000  101.73494
   3.34000   97.63248
   3.35000   99.21481
   3.36000   96.82645
   3.37000  101.34243
   3.38000   99.88694
   3.39000  101.06255
   3.40000  102.65288
   3.41000   97.99966
   3.42000   99.29429
   3.43000   96.78286
   3.44000  100.20778
   3.45000   98.81151
   3.46000  100.75331
   3.47000  102.66722
   3.48000  102.69006
   3.49000  102.30378
