   0.00000    0.00000
   0.02000    0.00000
   0.04000    0.00000
   0.06000    0.00000
   0.08000    0.00000
   0.10000    0.00000
   0.12000    0.00000
   0.14000    0.00000
   0.16000    0.00000
   0.18000    0.00000
   0.20000    0.00000
   0.22000    0.00000
   0.24000    0.00000
   0.26000    0.00000
   0.28000    0.00000
   0.30000    0.00000
   0.32000    0.00000
   0.34000    0.00000
   0.36000    0.00000
   0.38000    0.00000
   0.40000    0.00000
   0.42000    0.00000
   0.44000    0.00000
   0.46000    0.00000
   0.48000    0.00000
   0.50000    0.00000
   0.52000    0.00000
   0.54000    0.00000
   0.56000    0.00000
   0.58000    0.00000
   0.60000    0.00000
   0.62000    0.00000
   0.64000    0.00000
   0.66000    0.00000
   0.68000    0.00000
   0.70000    0.00000
   0.72000    0.00000
   0.74000    0.00000
   0.76000    0.00000
   0.78000    0.00000
   0.80000    0.00000
   0.82000    3.03256
   0.84000    7.48141
   0.86000   19.70404
   0.88000   25.14159
   0.90000   46.14673
   0.92000   78.78431
   0.94000   81.34631
   0.96000   95.26664
   0.98000  110.88086
   1.00000  121.45820
   1.02000  125.72416
   1.04000  134.62583
   1.06000  121.57196
   1.08000  127.61989
   1.10000  122.58922
   1.12000  124.85274
   1.14000  134.53250
   1.16000  119.46990
   1.18000  129.47917
   1.20000  120.95282
   1.22000  118.27887
   1.24000  114.48495
   1.26000  118.28764
   1.28000  113.40511
   1.30000  121.13109
   1.32000  104.96984
   1.34000  105.71774
   1.36000  103.60734
   1.38000  102.04760
   1.40000  106.67466
   1.42000  103.48656
   1.44000  105.65238
   1.46000  100.15470
   1.48000   96.90836
   1.50000  105.21280
   1.52000  100.54522
   1.54000  104.03995
   1.56000  102.52538
   1.58000   98.05233
   1.60000   99.41244
   1.62000   97.94466
   1.64000   97.70665
   1.66000  100.38195
   1.68000   92.67370
   1.70000   97.21383
   1.72000   98.15075
   1.74000  100.98732
   1.76000   93.87812
   1.78000   97.18974
   1.80000   99.05470
   1.82000   93.19440
   1.84000   99.68774
   1.86000   95.74864
   1.88000  100.91135
   1.90000   97.24299
   1.92000   98.96164
   1.94000  101.08305
   1.96000   98.54960
   1.98000   98.73268
   2.00000  103.72149
   2.02000  102.92558
   2.04000  100.94531
   2.06000   94.00649
   2.08000  105.07261
   2.10000  103.17037
   2.12000   96.46268
   2.14000   96.15099
   2.16000  101.70354
   2.18000   95.91727
   2.20000  101.26144
   2.22000  101.50462
   2.24000  101.96508
   2.26000  101.19691
   2.28000  103.88930
   2.30000   98.54150
   2.32000  101.01862
   2.34000   99.67948
   2.36000  102.44146
   2.38000  104.00457
   2.40000   97.92701
   2.42000  105.24670
   2.44000   99.66375
   2.46000  103.20880
   2.48000   96.22326
   2.50000   96.23312
   2.52000  102.60118
   2.54000  100.93697
   2.56000   97.60265
   2.58000  102.08837
   2.60000  100.22642
   2.62000  100.72132
   2.64000   97.03002
   2.66000   99.89775
   2.68000   95.24793
   2.70000  102.35618
   2.72000  102.95362
   2.74000  101.27839
   2.76000   97.75638
   2.78000   96.14110
   2.80000  100.33513
   2.82000  100.33823
   2.84000  101.99133
   2.86000  102.91212
   2.88000   98.88466
   2.90000   97.69358
   2.92000   98.02656
   2.94000  101.14770
   2.96000  102.99677
   2.98000   98.81446
   3.00000   99.16388
   3.02000  102.65148
   3.04000  100.96227
   3.06000   98.37657
   3.08000  100.91157
   3.10000   97.46252
   3.12000   99.26345
   3.14000   97.63336
   3.16000   99.69129
   3.18000   98.92930
   3.20000  103.09320
   3.22000   98.05711
   3.24000   98.91986
   3.26000  103.57937
   3.28000   98.91338
   3.30000   97.83550
   3.32000  103.11107
   3.34000   98.76115
   3.36000  100.92767
   3.38000  102.84642
   3.40000   97.34883
   3.42000   99.82527
   3.44000   98.21382
   3.46000  104.96756
   3.48000   97.99517
