   0.00000    0.00000
   0.01000    0.00000
   0.02000    0.00000
   0.03000    0.00000
   0.04000    0.00000
   0.05000    0.00000
   0.06000    0.00000
   0.07000    0.00000
   0.08000    0.00000
   0.09000    0.00000
   0.10000    0.00000
   0.11000    0.00000
   0.12000    0.00000
   0.13000    0.00000
   0.14000    0.00000
   0.15000    0.00000
   0.16000    0.00000
   0.17000    0.00000
   0.18000    0.00000
   0.19000    0.00000
   0.20000    0.00000
   0.21000    0.00000
   0.22000    0.00000
   0.23000    0.00000
   0.24000    0.00000
   0.25000    0.00000
   0.26000    0.00000
   0.27000    0.00000
   0.28000    0.00000
   0.29000    0.00000
   0.30000    0.00000
   0.31000    0.00000
   0.32000    0.00000
   0.33000    0.00000
   0.34000    0.00000
   0.35000    0.00000
   0.36000    0.00000
   0.37000    0.00000
   0.38000    0.00000
   0.39000    0.00000
   0.40000    0.00000
   0.41000    0.00000
   0.42000    0.00000
   0.43000    0.00000
   0.44000    0.00000
   0.45000    0.00000
   0.46000    0.00000
   0.47000    0.00000
   0.48000    0.00000
   0.49000    0.00000
   0.50000    0.00000
   0.51000    0.00000
   0.52000    0.00000
   0.53000    0.00000
   0.54000    0.00000
   0.55000    0.00000
   0.56000    0.00000
   0.57000    0.00000
   0.58000    0.00000
   0.59000    0.00000
   0.60000    0.00000
   0.61000    0.00000
   0.62000    0.00000
   0.63000    0.00000
   0.64000    0.00000
   0.65000    0.00000
   0.66000    0.00000
   0.67000    0.00000
   0.68000    0.00000
   0.69000    0.00000
   0.70000    0.00000
   0.71000    0.00000
   0.72000    0.00000
   0.73000    0.00000
   0.74000    0.00000
   0.75000    0.00000
   0.76000    0.00000
   0.77000    0.00000
   0.78000    0.78933
   0.79000    0.11840
   0.80000    0.67093
   0.81000    0.45386
   0.82000    0.33546
   0.83000    0.78933
   0.84000    0.78933
   0.85000    0.00000
   0.86000    0.00000
   0.87000    0.00000
   0.88000    2.36798
   0.89000    0.78933
   0.90000    0.00000
   0.91000    0.78933
   0.92000    1.36159
   0.93000    1.79572
   0.94000    0.78933
   0.95000    2.36798
   0.96000    4.89384
   0.97000   10.10340
   0.98000   15.64843
   0.99000   20.08840
   1.00000   27.92249
   1.01000   39.15068
   1.02000   45.68237
   1.03000   42.46586
   1.04000   46.01784
   1.05000   28.84995
   1.06000   31.75073
   1.07000   21.39080
   1.08000   21.17373
   1.09000   19.00308
   1.10000    8.68261
   1.11000    8.99834
   1.12000   10.73486
   1.13000   10.49807
   1.14000    9.01808
   1.15000    8.89968
   1.16000    2.36798
   1.17000    0.78933
   1.18000    3.15731
   1.19000    2.32852
   1.20000    1.04586
   1.21000    1.36159
   1.22000    4.53864
   1.23000    2.56532
   1.24000    2.15092
   1.25000    2.80212
   1.26000    6.88689
   1.27000    5.86076
   1.28000    6.76849
   1.29000    4.83464
   1.30000    6.23569
   1.31000   15.25377
   1.32000    9.23514
   1.33000   12.37272
   1.34000   13.51725
   1.35000   13.16205
   1.36000   24.56784
   1.37000   23.64038
   1.38000   20.32520
   1.39000   31.90860
   1.40000   22.19986
   1.41000   28.35662
   1.42000   37.41416
   1.43000   35.08564
   1.44000   24.48891
   1.45000   30.48780
   1.46000   40.63067
   1.47000   46.64930
   1.48000   42.13040
   1.49000   39.52561
   1.50000   35.81577
   1.51000   37.86802
   1.52000   34.03978
   1.53000   28.43555
   1.54000   22.98919
   1.55000   22.92999
   1.56000   19.04254
   1.57000   17.60202
   1.58000   15.15510
   1.59000   18.82548
   1.60000   18.49001
   1.61000   16.57589
   1.62000   11.76099
   1.63000   19.81214
   1.64000   13.22125
   1.65000   12.33325
   1.66000   16.91136
   1.67000   15.54977
   1.68000   13.08312
   1.69000    8.07088
   1.70000   14.66177
   1.71000   16.37856
   1.72000   24.58758
   1.73000   19.98974
   1.74000   25.29797
   1.75000   21.96306
   1.76000   30.09314
   1.77000   26.02810
   1.78000   24.86384
   1.79000   22.45639
   1.80000   29.16568
   1.81000   26.22543
   1.82000   31.17847
   1.83000   30.25101
   1.84000   16.99029
   1.85000   22.96945
   1.86000   22.96945
   1.87000   15.64843
   1.88000   16.12203
   1.89000   12.96472
   1.90000   13.10285
   1.91000    8.78128
   1.92000    9.59034
   1.93000   11.03086
   1.94000   13.26072
   1.95000    7.91302
   1.96000   22.37746
   1.97000   14.08951
   1.98000   20.26600
   1.99000   16.79296
   2.00000   20.30547
   2.01000   28.55395
   2.02000   18.21375
   2.03000   25.14011
   2.04000   25.31770
   2.05000   23.46278
   2.06000   25.21904
   2.07000   22.69319
   2.08000   27.15289
   2.09000   31.06007
   2.10000   25.47557
   2.11000   26.34383
   2.12000   27.19236
   2.13000   28.83022
   2.14000   31.43500
   2.15000   35.32244
   2.16000   28.45528
   2.17000   30.21154
   2.18000   29.73794
   2.19000   39.76241
   2.20000   37.92722
   2.21000   41.97253
   2.22000   49.94475
   2.23000   62.06094
   2.24000   66.99424
   2.25000   58.07483
   2.26000   77.15684
   2.27000   76.24911
   2.28000   85.79998
   2.29000   71.63154
   2.30000   81.41921
   2.31000   83.86613
   2.32000   79.36696
   2.33000   70.25022
   2.34000   70.54622
   2.35000   84.04373
   2.36000   69.18462
   2.37000   66.93504
   2.38000   73.22993
   2.39000   67.74410
   2.40000   79.28803
   2.41000   83.37280
   2.42000   71.57234
   2.43000   75.51898
   2.44000   91.62128
   2.45000   74.01926
   2.46000   69.26356
   2.47000   54.52285
   2.48000   87.85224
   2.49000   77.65017
