0.8852933385230602
0.19706983508692494
0.07612973389540637
0.27424904296428165
0.16647509077885608
0.2247152019696477
0.18732687679333232
0.12237888477020495
0.2691838526027302
0.20394414839690778
0.267420156012746
0.2262378262173074
0.2884406469054898
0.34899835681028524
0.33244324332887304
0.13079946250225924
0.34150217986988585
0.23928672408949264
0.35142603430570335
0.07484641506743311
0.2504122822908818
0.0826631528283005
0.17019645977963166
0.10494585272548551
0.4037287002422169
0.17394910326823237
0.089715351645761
0.292387163023118
0.17159332000759417
0.24944349040483124
0.18039925780061494
0.1892015092979819
0.198295032307043
0.11199879907347503
0.28103168800344047
0.09309827357292871
0.15741616948989254
0.16713212936976846
0.29133974521449885
0.2654680500675984
